"../../../Engine/Content/EditorBlueprintResources/StandardMacros.uasset" 0
"../../../../../../Users/nle93/Documents/Unreal Projects/Project_BOTS/Content/EveryOtherContent/FirstPerson/Character/Mesh/SK_Mannequin_Arms_Skeleton.uasset" 1
"../../../../../../Users/nle93/Documents/Unreal Projects/Project_BOTS/Content/EveryOtherContent/FirstPerson/Animations/FirstPerson_Idle.uasset" 2
"../../../../../../Users/nle93/Documents/Unreal Projects/Project_BOTS/Content/EveryOtherContent/FirstPerson/Animations/FirstPerson_JumpEnd.uasset" 3
"../../../../../../Users/nle93/Documents/Unreal Projects/Project_BOTS/Content/EveryOtherContent/FirstPerson/Animations/FirstPerson_JumpLoop.uasset" 4
"../../../../../../Users/nle93/Documents/Unreal Projects/Project_BOTS/Content/EveryOtherContent/FirstPerson/Animations/FirstPerson_JumpStart.uasset" 5
"../../../../../../Users/nle93/Documents/Unreal Projects/Project_BOTS/Content/EveryOtherContent/FirstPerson/Animations/FirstPerson_Run.uasset" 6
"../../../../../../Users/nle93/Documents/Unreal Projects/Project_BOTS/Content/EveryOtherContent/FirstPerson/Animations/FirstPerson_AnimBP.uasset" 7
"../../../../../../Users/nle93/Documents/Unreal Projects/Project_BOTS/Content/EveryOtherContent/FirstPerson/Animations/FirstPerson_Fire.uasset" 8
"../../../../../../Users/nle93/Documents/Unreal Projects/Project_BOTS/Content/EveryOtherContent/FirstPerson/Animations/FirstPersonFire_Montage.uasset" 9
"../../../../../../Users/nle93/Documents/Unreal Projects/Project_BOTS/Content/EveryOtherContent/AnimStarterPack/UE4_Mannequin/Mesh/UE4_Mannequin_Skeleton.uasset" 10
"../../../../../../Users/nle93/Documents/Unreal Projects/Project_BOTS/Content/EveryOtherContent/AnimStarterPack/Crouch_Idle_Rifle_Hip.uasset" 11
"../../../../../../Users/nle93/Documents/Unreal Projects/Project_BOTS/Content/EveryOtherContent/AnimStarterPack/Idle_Rifle_Hip.uasset" 12
"../../../../../../Users/nle93/Documents/Unreal Projects/Project_BOTS/Content/EveryOtherContent/AnimStarterPack/Jump_From_Jog.uasset" 13
"../../../../../../Users/nle93/Documents/Unreal Projects/Project_BOTS/Content/EveryOtherContent/AnimStarterPack/Jump_From_Stand.uasset" 14
"../../../../../../Users/nle93/Documents/Unreal Projects/Project_BOTS/Content/EveryOtherContent/AnimStarterPack/Crouch_Walk_Bwd_Rifle_Hip.uasset" 15
"../../../../../../Users/nle93/Documents/Unreal Projects/Project_BOTS/Content/EveryOtherContent/AnimStarterPack/Crouch_Walk_Fwd_Rifle_Hip.uasset" 16
"../../../../../../Users/nle93/Documents/Unreal Projects/Project_BOTS/Content/EveryOtherContent/AnimStarterPack/Crouch_Walk_Lt_Rifle_Hip.uasset" 17
"../../../../../../Users/nle93/Documents/Unreal Projects/Project_BOTS/Content/EveryOtherContent/AnimStarterPack/Crouch_Walk_Rt_Rifle_Hip.uasset" 18
"../../../../../../Users/nle93/Documents/Unreal Projects/Project_BOTS/Content/EveryOtherContent/AnimStarterPack/BS_CrouchWalk.uasset" 19
"../../../../../../Users/nle93/Documents/Unreal Projects/Project_BOTS/Content/EveryOtherContent/AnimStarterPack/Jog_Bwd_Rifle.uasset" 20
"../../../../../../Users/nle93/Documents/Unreal Projects/Project_BOTS/Content/EveryOtherContent/AnimStarterPack/Jog_Fwd_Rifle.uasset" 21
"../../../../../../Users/nle93/Documents/Unreal Projects/Project_BOTS/Content/EveryOtherContent/AnimStarterPack/Jog_Lt_Rifle.uasset" 22
"../../../../../../Users/nle93/Documents/Unreal Projects/Project_BOTS/Content/EveryOtherContent/AnimStarterPack/Jog_Rt_Rifle.uasset" 23
"../../../../../../Users/nle93/Documents/Unreal Projects/Project_BOTS/Content/EveryOtherContent/AnimStarterPack/BS_Jog.uasset" 24
"../../../Engine/Content/Functions/Engine_MaterialFunctions02/Utility/BlendAngleCorrectedNormals.uasset" 25
"../../../Engine/Content/Functions/MaterialLayerFunctions/MatLayerBlend_AO.uasset" 26
"../../../Engine/Content/Functions/MaterialLayerFunctions/MatLayerBlend_NormalBlend.uasset" 27
"../../../Engine/Content/Functions/MaterialLayerFunctions/MatLayerBlend_Simple.uasset" 28
"../../../../../../Users/nle93/Documents/Unreal Projects/Project_BOTS/Content/EveryOtherContent/AnimStarterPack/UE4_Mannequin/Materials/MaterialLayers/T_ML_Rubber_Blue_01_D.uasset" 29
"../../../../../../Users/nle93/Documents/Unreal Projects/Project_BOTS/Content/EveryOtherContent/AnimStarterPack/UE4_Mannequin/Materials/MaterialLayers/T_ML_Rubber_Blue_01_N.uasset" 30
"../../../../../../Users/nle93/Documents/Unreal Projects/Project_BOTS/Content/EveryOtherContent/AnimStarterPack/UE4_Mannequin/Materials/MaterialLayers/ML_GlossyBlack_Latex_UE4.uasset" 31
"../../../../../../Users/nle93/Documents/Unreal Projects/Project_BOTS/Content/EveryOtherContent/AnimStarterPack/UE4_Mannequin/Materials/MaterialLayers/ML_Plastic_Shiny_Beige.uasset" 32
"../../../../../../Users/nle93/Documents/Unreal Projects/Project_BOTS/Content/EveryOtherContent/AnimStarterPack/UE4_Mannequin/Textures/UE4_LOGO_CARD.uasset" 33
"../../../../../../Users/nle93/Documents/Unreal Projects/Project_BOTS/Content/EveryOtherContent/AnimStarterPack/UE4_Mannequin/Materials/MaterialLayers/ML_Plastic_Shiny_Beige_LOGO.uasset" 34
"../../../../../../Users/nle93/Documents/Unreal Projects/Project_BOTS/Content/EveryOtherContent/AnimStarterPack/UE4_Mannequin/Materials/MaterialLayers/T_ML_Aluminum01.uasset" 35
"../../../../../../Users/nle93/Documents/Unreal Projects/Project_BOTS/Content/EveryOtherContent/AnimStarterPack/UE4_Mannequin/Materials/MaterialLayers/T_ML_Aluminum01_N.uasset" 36
"../../../../../../Users/nle93/Documents/Unreal Projects/Project_BOTS/Content/EveryOtherContent/AnimStarterPack/UE4_Mannequin/Materials/MaterialLayers/ML_SoftMetal_UE4.uasset" 37
"../../../../../../Users/nle93/Documents/Unreal Projects/Project_BOTS/Content/EveryOtherContent/AnimStarterPack/UE4_Mannequin/Textures/UE4_Mannequin__normals.uasset" 38
"../../../../../../Users/nle93/Documents/Unreal Projects/Project_BOTS/Content/EveryOtherContent/AnimStarterPack/UE4_Mannequin/Textures/UE4_Mannequin_MAT_MASKA.uasset" 39
"../../../../../../Users/nle93/Documents/Unreal Projects/Project_BOTS/Content/EveryOtherContent/AnimStarterPack/UE4_Mannequin/Textures/UE4_Mannequin_occlusion_Mobile.uasset" 40
"../../../../../../Users/nle93/Documents/Unreal Projects/Project_BOTS/Content/EveryOtherContent/AnimStarterPack/UE4_Mannequin/Materials/M_UE4Man_Body.uasset" 41
"../../../../../../Users/nle93/Documents/Unreal Projects/Project_BOTS/Content/EveryOtherContent/AnimStarterPack/UE4_Mannequin/Textures/UE4Man_Logo_N.uasset" 42
"../../../../../../Users/nle93/Documents/Unreal Projects/Project_BOTS/Content/EveryOtherContent/AnimStarterPack/UE4_Mannequin/Materials/M_UE4Man_ChestLogo.uasset" 43
"../../../../../../Users/nle93/Documents/Unreal Projects/Project_BOTS/Content/EveryOtherContent/AnimStarterPack/UE4_Mannequin/Mesh/SK_Mannequin_PhysicsAsset.uasset" 44
"../../../../../../Users/nle93/Documents/Unreal Projects/Project_BOTS/Content/EveryOtherContent/AnimStarterPack/UE4_Mannequin/Mesh/SK_Mannequin.uasset" 45
"../../../../../../Users/nle93/Documents/Unreal Projects/Project_BOTS/Content/EveryOtherContent/AnimStarterPack/Ue4ASP_Character.uasset" 46
"../../../../../../Users/nle93/Documents/Unreal Projects/Project_BOTS/Content/EveryOtherContent/AnimStarterPack/UE4ASP_HeroTPP_AnimBlueprint.uasset" 47
"../../../Engine/Content/EngineMaterials/BlendFunc_DefBase.uasset" 48
"../../../Engine/Content/EngineMaterials/BlendFunc_DefBlend.uasset" 49
"../../../Engine/Content/Functions/Engine_MaterialFunctions03/Blends/Blend_Overlay.uasset" 50
"../../../../../../Users/nle93/Documents/Unreal Projects/Project_BOTS/Content/EveryOtherContent/FreePistolFromTalkingDrums/Textures/CAMO/T_Camo_sharp.uasset" 51
"../../../../../../Users/nle93/Documents/Unreal Projects/Project_BOTS/Content/EveryOtherContent/FreePistolFromTalkingDrums/Textures/Pistol/T_WP_GLK17_D.uasset" 52
"../../../../../../Users/nle93/Documents/Unreal Projects/Project_BOTS/Content/EveryOtherContent/FreePistolFromTalkingDrums/Textures/Pistol/T_WP_GLK17_ID.uasset" 53
"../../../../../../Users/nle93/Documents/Unreal Projects/Project_BOTS/Content/EveryOtherContent/FreePistolFromTalkingDrums/Textures/Pistol/T_WP_GLK17_N.uasset" 54
"../../../../../../Users/nle93/Documents/Unreal Projects/Project_BOTS/Content/EveryOtherContent/FreePistolFromTalkingDrums/Textures/Pistol/T_WP_GLK17_ORM.uasset" 55
"../../../../../../Users/nle93/Documents/Unreal Projects/Project_BOTS/Content/EveryOtherContent/FreePistolFromTalkingDrums/Materials/M_GHV_master.uasset" 56
"../../../../../../Users/nle93/Documents/Unreal Projects/Project_BOTS/Content/EveryOtherContent/FreePistolFromTalkingDrums/Textures/CAMO/T_FlatMid.uasset" 57
"../../../../../../Users/nle93/Documents/Unreal Projects/Project_BOTS/Content/EveryOtherContent/FreePistolFromTalkingDrums/Materials/M_GHV_WP_GLK17.uasset" 58
"../../../../../../Users/nle93/Documents/Unreal Projects/Project_BOTS/Content/EveryOtherContent/FirstPerson/Character/Materials/MaterialLayers/T_ML_Rubber_Blue_01_D.uasset" 59
"../../../../../../Users/nle93/Documents/Unreal Projects/Project_BOTS/Content/EveryOtherContent/FirstPerson/Character/Materials/MaterialLayers/T_ML_Rubber_Blue_01_N.uasset" 60
"../../../../../../Users/nle93/Documents/Unreal Projects/Project_BOTS/Content/EveryOtherContent/FirstPerson/Character/Materials/MaterialLayers/ML_GlossyBlack_Latex_UE4.uasset" 61
"../../../../../../Users/nle93/Documents/Unreal Projects/Project_BOTS/Content/EveryOtherContent/FirstPerson/Character/Materials/MaterialLayers/ML_Plastic_Shiny_Beige.uasset" 62
"../../../../../../Users/nle93/Documents/Unreal Projects/Project_BOTS/Content/EveryOtherContent/FirstPerson/Character/Textures/UE4_LOGO_CARD.uasset" 63
"../../../../../../Users/nle93/Documents/Unreal Projects/Project_BOTS/Content/EveryOtherContent/FirstPerson/Character/Materials/MaterialLayers/ML_Plastic_Shiny_Beige_LOGO.uasset" 64
"../../../../../../Users/nle93/Documents/Unreal Projects/Project_BOTS/Content/EveryOtherContent/FirstPerson/Character/Materials/MaterialLayers/T_ML_Aluminum01.uasset" 65
"../../../../../../Users/nle93/Documents/Unreal Projects/Project_BOTS/Content/EveryOtherContent/FirstPerson/Character/Materials/MaterialLayers/T_ML_Aluminum01_N.uasset" 66
"../../../../../../Users/nle93/Documents/Unreal Projects/Project_BOTS/Content/EveryOtherContent/FirstPerson/Character/Materials/MaterialLayers/ML_SoftMetal_UE4.uasset" 67
"../../../../../../Users/nle93/Documents/Unreal Projects/Project_BOTS/Content/EveryOtherContent/FirstPerson/Character/Textures/UE4_Mannequin__normals.uasset" 68
"../../../../../../Users/nle93/Documents/Unreal Projects/Project_BOTS/Content/EveryOtherContent/FirstPerson/Character/Textures/UE4_Mannequin_MAT_MASKA.uasset" 69
"../../../../../../Users/nle93/Documents/Unreal Projects/Project_BOTS/Content/EveryOtherContent/FirstPerson/Character/Materials/M_UE4Man_Body.uasset" 70
"../../../../../../Users/nle93/Documents/Unreal Projects/Project_BOTS/Content/EveryOtherContent/FirstPerson/Character/Mesh/SK_Mannequin_Arms_PhysicsAsset.uasset" 71
"../../../../../../Users/nle93/Documents/Unreal Projects/Project_BOTS/Content/EveryOtherContent/FirstPerson/Character/Mesh/SK_Mannequin_Arms.uasset" 72
"../../../../../../Users/nle93/Documents/Unreal Projects/Project_BOTS/Content/EveryOtherContent/FreePistolFromTalkingDrums/Meshes/SM_WP_GLK19_pistol.uasset" 73
"../../../../../../Users/nle93/Documents/Unreal Projects/Project_BOTS/Content/FirstPersonBP/Audio/noammo.uasset" 74
"../../../../../../Users/nle93/Documents/Unreal Projects/Project_BOTS/Content/FirstPersonBP/Blueprints/Guns/Gun_Children/Gun_HG.uasset" 75
"../../../../../../Users/nle93/Documents/Unreal Projects/Project_BOTS/Content/EveryOtherContent/MilitaryWeapSilver/Weapons/Textures/Assault_Rifle_A_Diff.uasset" 76
"../../../../../../Users/nle93/Documents/Unreal Projects/Project_BOTS/Content/EveryOtherContent/MilitaryWeapSilver/Weapons/Textures/Assault_Rifle_A_masks.uasset" 77
"../../../../../../Users/nle93/Documents/Unreal Projects/Project_BOTS/Content/EveryOtherContent/MilitaryWeapSilver/Weapons/Textures/Assault_Rifle_A_Norm.uasset" 78
"../../../../../../Users/nle93/Documents/Unreal Projects/Project_BOTS/Content/EveryOtherContent/MilitaryWeapSilver/Weapons/Materials/M_WeaponMaster_01.uasset" 79
"../../../../../../Users/nle93/Documents/Unreal Projects/Project_BOTS/Content/EveryOtherContent/MilitaryWeapSilver/Weapons/Textures/Shotgun_A_Diff.uasset" 80
"../../../../../../Users/nle93/Documents/Unreal Projects/Project_BOTS/Content/EveryOtherContent/MilitaryWeapSilver/Weapons/Textures/Shotgun_A_Masks.uasset" 81
"../../../../../../Users/nle93/Documents/Unreal Projects/Project_BOTS/Content/EveryOtherContent/MilitaryWeapSilver/Weapons/Textures/Shotgun_A_Norm.uasset" 82
"../../../../../../Users/nle93/Documents/Unreal Projects/Project_BOTS/Content/EveryOtherContent/MilitaryWeapSilver/Weapons/Materials/M_Shotgun_01.uasset" 83
"../../../../../../Users/nle93/Documents/Unreal Projects/Project_BOTS/Content/EveryOtherContent/MilitaryWeapSilver/Weapons/Shotgun_A_PhysicsAsset.uasset" 84
"../../../../../../Users/nle93/Documents/Unreal Projects/Project_BOTS/Content/EveryOtherContent/MilitaryWeapSilver/Weapons/Shotgun_A_Skeleton.uasset" 85
"../../../../../../Users/nle93/Documents/Unreal Projects/Project_BOTS/Content/EveryOtherContent/MilitaryWeapSilver/Weapons/Shotgun_A.uasset" 86
"../../../Engine/Content/EngineMaterials/OrientParticle.uasset" 87
"../../../Engine/Content/EngineMaterials/DefaultParticle.uasset" 88
"../../../Engine/Content/Functions/Engine_MaterialFunctions01/Opacity/CameraDepthFade.uasset" 89
"../../../Engine/Content/EngineMaterials/T_Default_Material_Grid_M.uasset" 90
"../../../Engine/Content/EngineMaterials/T_Default_Material_Grid_N.uasset" 91
"../../../Engine/Content/EngineMaterials/WorldGridMaterial.uasset" 92
"../../../Engine/Content/Functions/Engine_MaterialFunctions02/Texturing/ScreenAlignedPixelToPixelUVs.uasset" 93
"../../../Engine/Content/EngineMaterials/Good64x64TilingNoiseHighFreq.uasset" 94
"../../../Engine/Content/Functions/Engine_MaterialFunctions02/Utility/DitherTemporalAA.uasset" 95
"../../../../../../Users/nle93/Documents/Unreal Projects/Project_BOTS/Content/EveryOtherContent/ParagonTwinblast/FX/Materials/Functions/MF_DitheredRefraction.uasset" 96
"../../../../../../Users/nle93/Documents/Unreal Projects/Project_BOTS/Content/EveryOtherContent/ParagonTwinblast/FX/Materials/Functions/MF_FX_EmissiveModulate.uasset" 97
"../../../../../../Users/nle93/Documents/Unreal Projects/Project_BOTS/Content/EveryOtherContent/ParagonTwinblast/FX/Materials/Functions/MF_FX_NearCameraFade.uasset" 98
"../../../../../../Users/nle93/Documents/Unreal Projects/Project_BOTS/Content/EveryOtherContent/ParagonTwinblast/FX/Textures/Masks/T_Sphere_A.uasset" 99
"../../../../../../Users/nle93/Documents/Unreal Projects/Project_BOTS/Content/EveryOtherContent/ParagonTwinblast/FX/Textures/NormalShapes/T_Sphere_N.uasset" 100
"../../../../../../Users/nle93/Documents/Unreal Projects/Project_BOTS/Content/EveryOtherContent/ParagonTwinblast/FX/Materials/HeatDistort/M_Shockwave_Refract.uasset" 101
"../../../Engine/Content/Functions/Engine_MaterialFunctions01/ImageAdjustment/DeriveHDRfromLDR.uasset" 102
"../../../../../../Users/nle93/Documents/Unreal Projects/Project_BOTS/Content/EveryOtherContent/ParagonTwinblast/FX/Textures/MuzzleFlashes/T_Muzzle_Flash.uasset" 103
"../../../../../../Users/nle93/Documents/Unreal Projects/Project_BOTS/Content/EveryOtherContent/ParagonTwinblast/FX/Textures/Tile/Noise/T_noise_flamy_Tile_NRM.uasset" 104
"../../../../../../Users/nle93/Documents/Unreal Projects/Project_BOTS/Content/EveryOtherContent/ParagonTwinblast/FX/Materials/MuzzleFlashes/M_Twinblast_Muzzle_Flash.uasset" 105
"../../../../../../Users/nle93/Documents/Unreal Projects/Project_BOTS/Content/EveryOtherContent/ParagonTwinblast/FX/Textures/Explosions/T_FireBall.uasset" 106
"../../../../../../Users/nle93/Documents/Unreal Projects/Project_BOTS/Content/EveryOtherContent/ParagonTwinblast/FX/Textures/Smoke/T_SoftSmoke_04.uasset" 107
"../../../../../../Users/nle93/Documents/Unreal Projects/Project_BOTS/Content/EveryOtherContent/ParagonTwinblast/FX/Materials/MuzzleFlashes/TwinBlast/M_TwinBlast_Muzzle.uasset" 108
"../../../../../../Users/nle93/Documents/Unreal Projects/Project_BOTS/Content/EveryOtherContent/ParagonTwinblast/FX/Textures/Tile/Noise/T_TilingNoise16.uasset" 109
"../../../../../../Users/nle93/Documents/Unreal Projects/Project_BOTS/Content/EveryOtherContent/ParagonTwinblast/FX/Materials/Shells/M_Plasma_Shot_Shell.uasset" 110
"../../../../../../Users/nle93/Documents/Unreal Projects/Project_BOTS/Content/EveryOtherContent/ParagonTwinblast/FX/Materials/Functions/MF_CameraDistanceFade.uasset" 111
"../../../../../../Users/nle93/Documents/Unreal Projects/Project_BOTS/Content/EveryOtherContent/ParagonTwinblast/FX/Textures/Explosions/T_Explosion_Test_v1.uasset" 112
"../../../../../../Users/nle93/Documents/Unreal Projects/Project_BOTS/Content/EveryOtherContent/ParagonTwinblast/FX/Textures/Explosions/T_Explosion_Test_v1_Depth.uasset" 113
"../../../../../../Users/nle93/Documents/Unreal Projects/Project_BOTS/Content/EveryOtherContent/ParagonTwinblast/FX/Textures/Explosions/T_Explosion_Test_v1_Normal.uasset" 114
"../../../../../../Users/nle93/Documents/Unreal Projects/Project_BOTS/Content/EveryOtherContent/ParagonTwinblast/FX/Materials/Smoke/DirectionalLit/M_Directional_Lit_Depth_Smoke_SubUV_8X8.uasset" 115
"../../../Engine/Content/Functions/Engine_MaterialFunctions02/Utility/BreakOutFloat3Components.uasset" 116
"../../../Engine/Content/Functions/Engine_MaterialFunctions02/Utility/DebugTimeSine.uasset" 117
"../../../../../../Users/nle93/Documents/Unreal Projects/Project_BOTS/Content/EveryOtherContent/ParagonTwinblast/FX/Materials/Functions/MF_CrossTalkNextChannel.uasset" 118
"../../../../../../Users/nle93/Documents/Unreal Projects/Project_BOTS/Content/EveryOtherContent/ParagonTwinblast/FX/Materials/Functions/MF_ColorTint_HQ.uasset" 119
"../../../../../../Users/nle93/Documents/Unreal Projects/Project_BOTS/Content/EveryOtherContent/ParagonTwinblast/FX/Materials/Param_Collections/GlobalArtCollection.uasset" 120
"../../../../../../Users/nle93/Documents/Unreal Projects/Project_BOTS/Content/EveryOtherContent/ParagonTwinblast/FX/Textures/Masks/T_SmokeTrailCoord1_Mask.uasset" 121
"../../../../../../Users/nle93/Documents/Unreal Projects/Project_BOTS/Content/EveryOtherContent/ParagonTwinblast/FX/Textures/Smoke/T_SmokeTile_Strip_03_Height_TILE.uasset" 122
"../../../../../../Users/nle93/Documents/Unreal Projects/Project_BOTS/Content/EveryOtherContent/ParagonTwinblast/FX/Textures/Smoke/T_SmokeTile_Strip_03_Soft.uasset" 123
"../../../../../../Users/nle93/Documents/Unreal Projects/Project_BOTS/Content/EveryOtherContent/ParagonTwinblast/FX/Textures/Smoke/T_SmokeTile_Strip_03_Soft_N_TILE.uasset" 124
"../../../../../../Users/nle93/Documents/Unreal Projects/Project_BOTS/Content/EveryOtherContent/ParagonTwinblast/FX/Textures/Smoke/T_SmokeTile_Strip_03_TILE.uasset" 125
"../../../../../../Users/nle93/Documents/Unreal Projects/Project_BOTS/Content/EveryOtherContent/ParagonTwinblast/FX/Textures/Smoke/T_SmokeTile_Strip_03B_N_TILE.uasset" 126
"../../../../../../Users/nle93/Documents/Unreal Projects/Project_BOTS/Content/EveryOtherContent/ParagonTwinblast/FX/Materials/Trails/M_TrailSmoke_Cine.uasset" 127
"../../../../../../Users/nle93/Documents/Unreal Projects/Project_BOTS/Content/EveryOtherContent/ParagonTwinblast/FX/Materials/Functions/MF_ParticleRandomSize.uasset" 128
"../../../../../../Users/nle93/Documents/Unreal Projects/Project_BOTS/Content/EveryOtherContent/ParagonTwinblast/FX/Textures/Flares/T_Glow_Sphere_Soft.uasset" 129
"../../../../../../Users/nle93/Documents/Unreal Projects/Project_BOTS/Content/EveryOtherContent/ParagonTwinblast/FX/Textures/Masks/T_TankMoteNoise.uasset" 130
"../../../../../../Users/nle93/Documents/Unreal Projects/Project_BOTS/Content/EveryOtherContent/ParagonTwinblast/FX/Textures/Sparks/T_StretchSpark_01.uasset" 131
"../../../../../../Users/nle93/Documents/Unreal Projects/Project_BOTS/Content/EveryOtherContent/ParagonTwinblast/FX/Materials/Sparks/M_Spark_VelocityLerp_WorldColor.uasset" 132
"../../../../../../Users/nle93/Documents/Unreal Projects/Project_BOTS/Content/EveryOtherContent/ParagonTwinblast/FX/Materials/Sparks/M_Spark_VelocityLerp_WorldColor_TBCine_Inst.uasset" 133
"../../../../../../Users/nle93/Documents/Unreal Projects/Project_BOTS/Content/EveryOtherContent/ParagonTwinblast/FX/Meshes/Heroes/Twinblast/SM_MuzzleCore_02.uasset" 134
"../../../../../../Users/nle93/Documents/Unreal Projects/Project_BOTS/Content/EveryOtherContent/ParagonTwinblast/FX/Meshes/MuzzleFlashes/SM_Muzzle_Flash.uasset" 135
"../../../../../../Users/nle93/Documents/Unreal Projects/Project_BOTS/Content/EveryOtherContent/ParagonTwinblast/FX/Meshes/Shells/SM_PlasmaShot_Shell.uasset" 136
"../../../../../../Users/nle93/Documents/Unreal Projects/Project_BOTS/Content/EveryOtherContent/ParagonTwinblast/FX/Meshes/Smoke/SM_Plasma_Mesh.uasset" 137
"../../../../../../Users/nle93/Documents/Unreal Projects/Project_BOTS/Content/EveryOtherContent/ParagonTwinblast/FX/Particles/Abilities/Primary/FX/P_TwinBlast_Primary_MuzzleFlash.uasset" 138
"../../../../../../Users/nle93/Documents/Unreal Projects/Project_BOTS/Content/FirstPersonBP/Audio/ssg_01.uasset" 139
"../../../../../../Users/nle93/Documents/Unreal Projects/Project_BOTS/Content/FirstPersonBP/Blueprints/Guns/Gun_Children/Gun_SG.uasset" 140
"../../../../../../Users/nle93/Documents/Unreal Projects/Project_BOTS/Content/EveryOtherContent/FPS_Weapon_Bundle/Weapons/Textures/KA74U/T_KA74U_ALB.uasset" 141
"../../../../../../Users/nle93/Documents/Unreal Projects/Project_BOTS/Content/EveryOtherContent/FPS_Weapon_Bundle/Weapons/Textures/KA74U/T_KA74U_M_MSK.uasset" 142
"../../../../../../Users/nle93/Documents/Unreal Projects/Project_BOTS/Content/EveryOtherContent/FPS_Weapon_Bundle/Weapons/Textures/KA74U/T_KA74U_NRM.uasset" 143
"../../../../../../Users/nle93/Documents/Unreal Projects/Project_BOTS/Content/EveryOtherContent/FPS_Weapon_Bundle/Weapons/Textures/Patterns/T_Stripes__Pattern.uasset" 144
"../../../../../../Users/nle93/Documents/Unreal Projects/Project_BOTS/Content/EveryOtherContent/FPS_Weapon_Bundle/Weapons/Materials/Master_Material/M_Weapon_Master_USE.uasset" 145
"../../../../../../Users/nle93/Documents/Unreal Projects/Project_BOTS/Content/EveryOtherContent/FPS_Weapon_Bundle/Weapons/Textures/SMG11/T_SMG11_ALB.uasset" 146
"../../../../../../Users/nle93/Documents/Unreal Projects/Project_BOTS/Content/EveryOtherContent/FPS_Weapon_Bundle/Weapons/Textures/SMG11/T_SMG11_M_MSK.uasset" 147
"../../../../../../Users/nle93/Documents/Unreal Projects/Project_BOTS/Content/EveryOtherContent/FPS_Weapon_Bundle/Weapons/Textures/SMG11/T_SMG11_NRM.uasset" 148
"../../../../../../Users/nle93/Documents/Unreal Projects/Project_BOTS/Content/EveryOtherContent/FPS_Weapon_Bundle/Weapons/Materials/SMG11/M_SMG11.uasset" 149
"../../../../../../Users/nle93/Documents/Unreal Projects/Project_BOTS/Content/EveryOtherContent/FPS_Weapon_Bundle/Weapons/Materials/SMG11/M_SMG11_Camo.uasset" 150
"../../../../../../Users/nle93/Documents/Unreal Projects/Project_BOTS/Content/EveryOtherContent/FPS_Weapon_Bundle/Weapons/Textures/SMG11/T_SMG11_Rem_ALB.uasset" 151
"../../../../../../Users/nle93/Documents/Unreal Projects/Project_BOTS/Content/EveryOtherContent/FPS_Weapon_Bundle/Weapons/Textures/SMG11/T_SMG11_Rem_M_MSK.uasset" 152
"../../../../../../Users/nle93/Documents/Unreal Projects/Project_BOTS/Content/EveryOtherContent/FPS_Weapon_Bundle/Weapons/Textures/SMG11/T_SMG11_Rem_NRM.uasset" 153
"../../../../../../Users/nle93/Documents/Unreal Projects/Project_BOTS/Content/EveryOtherContent/FPS_Weapon_Bundle/Weapons/Materials/SMG11/M_SMG11_Rem.uasset" 154
"../../../../../../Users/nle93/Documents/Unreal Projects/Project_BOTS/Content/EveryOtherContent/FPS_Weapon_Bundle/Weapons/Meshes/SMG11/SM_SMG11_Nostock_X.uasset" 155
"../../../../../../Users/nle93/Documents/Unreal Projects/Project_BOTS/Content/FirstPersonBP/Blueprints/Guns/Gun_Children/Gun_SMG.uasset" 156
"../../../../../../Users/nle93/Documents/Unreal Projects/Project_BOTS/Content/FirstPersonBP/Blueprints/Objects/ItemMaster.uasset" 157
"../../../../../../Users/nle93/Documents/Unreal Projects/Project_BOTS/Content/FirstPersonBP/Blueprints/Guns/GunVariables.uasset" 158
"../../../../../../Users/nle93/Documents/Unreal Projects/Project_BOTS/Content/EveryOtherContent/FirstPerson/FPWeapon/Materials/MaterialLayers/T_ML_Rubber_Blue_01_D.uasset" 159
"../../../../../../Users/nle93/Documents/Unreal Projects/Project_BOTS/Content/EveryOtherContent/FirstPerson/FPWeapon/Materials/MaterialLayers/T_ML_Rubber_Blue_01_N.uasset" 160
"../../../../../../Users/nle93/Documents/Unreal Projects/Project_BOTS/Content/EveryOtherContent/FirstPerson/FPWeapon/Materials/MaterialLayers/ML_GlossyBlack_Latex_UE4.uasset" 161
"../../../../../../Users/nle93/Documents/Unreal Projects/Project_BOTS/Content/EveryOtherContent/FirstPerson/FPWeapon/Materials/MaterialLayers/ML_Plastic_Shiny_Beige.uasset" 162
"../../../../../../Users/nle93/Documents/Unreal Projects/Project_BOTS/Content/EveryOtherContent/FirstPerson/FPWeapon/Materials/MaterialLayers/ML_Screen.uasset" 163
"../../../../../../Users/nle93/Documents/Unreal Projects/Project_BOTS/Content/EveryOtherContent/FirstPerson/FPWeapon/Materials/MaterialLayers/T_ML_Aluminum01.uasset" 164
"../../../../../../Users/nle93/Documents/Unreal Projects/Project_BOTS/Content/EveryOtherContent/FirstPerson/FPWeapon/Materials/MaterialLayers/T_ML_Aluminum01_N.uasset" 165
"../../../../../../Users/nle93/Documents/Unreal Projects/Project_BOTS/Content/EveryOtherContent/FirstPerson/FPWeapon/Materials/MaterialLayers/ML_SoftMetal_UE4.uasset" 166
"../../../../../../Users/nle93/Documents/Unreal Projects/Project_BOTS/Content/EveryOtherContent/FirstPerson/FPWeapon/Textures/T_FPGun_M.uasset" 167
"../../../../../../Users/nle93/Documents/Unreal Projects/Project_BOTS/Content/EveryOtherContent/FirstPerson/FPWeapon/Textures/T_FPGun_N.uasset" 168
"../../../../../../Users/nle93/Documents/Unreal Projects/Project_BOTS/Content/EveryOtherContent/FirstPerson/FPWeapon/Materials/M_FPGun.uasset" 169
"../../../../../../Users/nle93/Documents/Unreal Projects/Project_BOTS/Content/EveryOtherContent/FirstPerson/FPWeapon/Mesh/SK_FPGun_Skeleton.uasset" 170
"../../../../../../Users/nle93/Documents/Unreal Projects/Project_BOTS/Content/EveryOtherContent/FirstPerson/FPWeapon/Mesh/SK_FPGun.uasset" 171
"../../../../../../Users/nle93/Documents/Unreal Projects/Project_BOTS/Content/FirstPersonBP/Audio/change.uasset" 172
"../../../../../../Users/nle93/Documents/Unreal Projects/Project_BOTS/Content/FirstPersonBP/Audio/deny.uasset" 173
"../../../../../../Users/nle93/Documents/Unreal Projects/Project_BOTS/Content/FirstPersonBP/Audio/gun_draw.uasset" 174
"../../../../../../Users/nle93/Documents/Unreal Projects/Project_BOTS/Content/FirstPersonBP/Audio/shg_01.uasset" 175
"../../../../../../Users/nle93/Documents/Unreal Projects/Project_BOTS/Content/FirstPersonBP/Audio/smg_01.uasset" 176
"../../../../../../Users/nle93/Documents/Unreal Projects/Project_BOTS/Content/FirstPersonBP/Blueprints/FPS_Character.uasset" 177
"../../../../../../Users/nle93/Documents/Unreal Projects/Project_BOTS/Content/EveryOtherContent/FPS_Weapon_Bundle/Weapons/Meshes/SMG11/SM_SMG11_X.uasset" 178
"../../../../../../Users/nle93/Documents/Unreal Projects/Project_BOTS/Content/EveryOtherContent/ParagonTwinblast/FX/Textures/Debris/T_Concrete_ChunkSubUV_AO.uasset" 179
"../../../../../../Users/nle93/Documents/Unreal Projects/Project_BOTS/Content/EveryOtherContent/ParagonTwinblast/FX/Textures/Debris/T_Concrete_ChunkSubUV_D.uasset" 180
"../../../../../../Users/nle93/Documents/Unreal Projects/Project_BOTS/Content/EveryOtherContent/ParagonTwinblast/FX/Textures/Debris/T_Concrete_ChunkSubUV_N_TGA.uasset" 181
"../../../../../../Users/nle93/Documents/Unreal Projects/Project_BOTS/Content/EveryOtherContent/ParagonTwinblast/FX/Materials/Debris/M_TransDebris_NoEmissive_Simple.uasset" 182
"../../../../../../Users/nle93/Documents/Unreal Projects/Project_BOTS/Content/EveryOtherContent/ParagonTwinblast/FX/Materials/Flares/M_Tri_Test.uasset" 183
"../../../Engine/Content/Functions/Engine_MaterialFunctions01/Texturing/FlattenNormal.uasset" 184
"../../../../../../Users/nle93/Documents/Unreal Projects/Project_BOTS/Content/EveryOtherContent/ParagonTwinblast/FX/Textures/Smoke/T_WispySmoke_V2_NRM.uasset" 185
"../../../../../../Users/nle93/Documents/Unreal Projects/Project_BOTS/Content/EveryOtherContent/ParagonTwinblast/FX/Textures/Smoke/T_WispySmoke_V2_OCC+Alpha.uasset" 186
"../../../../../../Users/nle93/Documents/Unreal Projects/Project_BOTS/Content/EveryOtherContent/ParagonTwinblast/FX/Materials/Smoke/WispySmokeSoft/M_WispySmokeCheap.uasset" 187
"../../../Engine/Content/Functions/Engine_MaterialFunctions01/Coordinates/PixelInWorldUnits.uasset" 188
"../../../Engine/Content/Functions/Engine_MaterialFunctions01/Coordinates/WorldUnitsInPixel.uasset" 189
"../../../Engine/Content/Functions/Engine_MaterialFunctions03/Particles/ParticleDOF.uasset" 190
"../../../Engine/Content/Engine_MI_Shaders/Textures/Bokeh.uasset" 191
"../../../../../../Users/nle93/Documents/Unreal Projects/Project_BOTS/Content/EveryOtherContent/ParagonTwinblast/FX/Textures/Sparks/T_Spark_Soft.uasset" 192
"../../../../../../Users/nle93/Documents/Unreal Projects/Project_BOTS/Content/EveryOtherContent/ParagonTwinblast/FX/Textures/Sparks/T_SparkSingle.uasset" 193
"../../../../../../Users/nle93/Documents/Unreal Projects/Project_BOTS/Content/EveryOtherContent/ParagonTwinblast/FX/Materials/Sparks/M_Hotdog_Spark_VLerp_DOF_Rand_Master.uasset" 194
"../../../Engine/Content/Functions/Engine_MaterialFunctions02/WorldPositionOffset/CameraOffset.uasset" 195
"../../../../../../Users/nle93/Documents/Unreal Projects/Project_BOTS/Content/EveryOtherContent/ParagonTwinblast/FX/Textures/Environment/Snow/T_Snow01_Packed.uasset" 196
"../../../../../../Users/nle93/Documents/Unreal Projects/Project_BOTS/Content/EveryOtherContent/ParagonTwinblast/FX/Textures/Tile/Noise/T_TilingNoise12.uasset" 197
"../../../../../../Users/nle93/Documents/Unreal Projects/Project_BOTS/Content/EveryOtherContent/ParagonTwinblast/FX/Materials/Sparks/M_Spark_VelocityLerp.uasset" 198
"../../../Engine/Content/Functions/Engine_MaterialFunctions02/SafeNormalize.uasset" 199
"../../../Engine/Content/Functions/Engine_MaterialFunctions02/Math/CreateThirdOrthogonalVector.uasset" 200
"../../../Engine/Content/Functions/Engine_MaterialFunctions02/Math/Transform3x3Matrix.uasset" 201
"../../../Engine/Content/Functions/Engine_MaterialFunctions02/TangentBasis.uasset" 202
"../../../Engine/Content/Functions/Engine_MaterialFunctions02/Utility/VectorLength.uasset" 203
"../../../Engine/Content/Functions/Engine_MaterialFunctions01/WorldPositionOffset/SplineThicken.uasset" 204
"../../../Engine/Content/EditorLandscapeResources/DefaultAlphaTexture.uasset" 205
"../../../../../../Users/nle93/Documents/Unreal Projects/Project_BOTS/Content/EveryOtherContent/ParagonTwinblast/FX/Meshes/Splines/M_Spline_Preview.uasset" 206
"../../../../../../Users/nle93/Documents/Unreal Projects/Project_BOTS/Content/EveryOtherContent/ParagonTwinblast/FX/Textures/Debris/T_Debris.uasset" 207
"../../../../../../Users/nle93/Documents/Unreal Projects/Project_BOTS/Content/EveryOtherContent/ParagonTwinblast/FX/Textures/Debris/T_Debris_Blur.uasset" 208
"../../../../../../Users/nle93/Documents/Unreal Projects/Project_BOTS/Content/EveryOtherContent/ParagonTwinblast/FX/Textures/Debris/T_Debris_Blur_A.uasset" 209
"../../../../../../Users/nle93/Documents/Unreal Projects/Project_BOTS/Content/EveryOtherContent/ParagonTwinblast/FX/Materials/Debris/M_Debris.uasset" 210
"../../../../../../Users/nle93/Documents/Unreal Projects/Project_BOTS/Content/EveryOtherContent/ParagonTwinblast/FX/Materials/Debris/M_Debris_Dark_Inst.uasset" 211
"../../../../../../Users/nle93/Documents/Unreal Projects/Project_BOTS/Content/EveryOtherContent/ParagonTwinblast/FX/Textures/Explosions/Twinblast/T_FireBall_07D_Depth.uasset" 212
"../../../../../../Users/nle93/Documents/Unreal Projects/Project_BOTS/Content/EveryOtherContent/ParagonTwinblast/FX/Textures/Explosions/Twinblast/T_FireBall_07D_E.uasset" 213
"../../../../../../Users/nle93/Documents/Unreal Projects/Project_BOTS/Content/EveryOtherContent/ParagonTwinblast/FX/Textures/Explosions/Twinblast/T_FireBall_07D_N.uasset" 214
"../../../../../../Users/nle93/Documents/Unreal Projects/Project_BOTS/Content/EveryOtherContent/ParagonTwinblast/FX/Textures/Tile/Heat/T_2ndInfectedMapLinear.uasset" 215
"../../../../../../Users/nle93/Documents/Unreal Projects/Project_BOTS/Content/EveryOtherContent/ParagonTwinblast/FX/Textures/Tile/Heat/T_2ndInfectedMapNormal.uasset" 216
"../../../../../../Users/nle93/Documents/Unreal Projects/Project_BOTS/Content/EveryOtherContent/ParagonTwinblast/FX/Textures/Tile/Noise/T_WispyNoise_8X8.uasset" 217
"../../../../../../Users/nle93/Documents/Unreal Projects/Project_BOTS/Content/EveryOtherContent/ParagonTwinblast/FX/Materials/Explosions/Twinblast/M_Fireball_Directional_Lit_Master_2.uasset" 218
"../../../../../../Users/nle93/Documents/Unreal Projects/Project_BOTS/Content/EveryOtherContent/ParagonTwinblast/FX/Materials/Explosions/M_Fireball_Directional_Lit_TB_Inst.uasset" 219
"../../../../../../Users/nle93/Documents/Unreal Projects/Project_BOTS/Content/EveryOtherContent/ParagonTwinblast/FX/Textures/Explosions/Twinblast/T_FireBall_07D_Top_Depth.uasset" 220
"../../../../../../Users/nle93/Documents/Unreal Projects/Project_BOTS/Content/EveryOtherContent/ParagonTwinblast/FX/Textures/Explosions/Twinblast/T_FireBall_07D_Top_E.uasset" 221
"../../../../../../Users/nle93/Documents/Unreal Projects/Project_BOTS/Content/EveryOtherContent/ParagonTwinblast/FX/Textures/Explosions/Twinblast/T_FireBall_07D_Top_N.uasset" 222
"../../../../../../Users/nle93/Documents/Unreal Projects/Project_BOTS/Content/EveryOtherContent/ParagonTwinblast/FX/Materials/Explosions/M_Fireball_Directional_Lit_TB_Inst2.uasset" 223
"../../../Engine/Content/Functions/Engine_MaterialFunctions01/Gradient/LinearGradient.uasset" 224
"../../../Engine/Content/Functions/Engine_MaterialFunctions01/ImageAdjustment/CheapContrast.uasset" 225
"../../../Engine/Content/Functions/Engine_MaterialFunctions02/Utility/VectorToRadialValue.uasset" 226
"../../../../../../Users/nle93/Documents/Unreal Projects/Project_BOTS/Content/EveryOtherContent/ParagonTwinblast/FX/Materials/Functions/MF_FadeBasedOnViewAngle.uasset" 227
"../../../../../../Users/nle93/Documents/Unreal Projects/Project_BOTS/Content/EveryOtherContent/ParagonTwinblast/FX/Textures/Fire/T_FireNoiseTile_02.uasset" 228
"../../../../../../Users/nle93/Documents/Unreal Projects/Project_BOTS/Content/EveryOtherContent/ParagonTwinblast/FX/Materials/Flares/M_Flare_Procedural_Noise_Tex_Glow.uasset" 229
"../../../../../../Users/nle93/Documents/Unreal Projects/Project_BOTS/Content/EveryOtherContent/ParagonTwinblast/FX/Textures/Tile/Cloud/T_Cloud_Wisp_Chromatic_Tile.uasset" 230
"../../../../../../Users/nle93/Documents/Unreal Projects/Project_BOTS/Content/EveryOtherContent/ParagonTwinblast/FX/Materials/Flares/M_Flare_Procedural_Noise_Tex_Glow_Softer_Inst.uasset" 231
"../../../../../../Users/nle93/Documents/Unreal Projects/Project_BOTS/Content/EveryOtherContent/ParagonTwinblast/FX/Textures/Smoke/T_FluidSmoke_04.uasset" 232
"../../../../../../Users/nle93/Documents/Unreal Projects/Project_BOTS/Content/EveryOtherContent/ParagonTwinblast/FX/Textures/Smoke/T_FluidSmoke_04_Depth.uasset" 233
"../../../../../../Users/nle93/Documents/Unreal Projects/Project_BOTS/Content/EveryOtherContent/ParagonTwinblast/FX/Textures/Smoke/T_FluidSmoke_04_N.uasset" 234
"../../../../../../Users/nle93/Documents/Unreal Projects/Project_BOTS/Content/EveryOtherContent/ParagonTwinblast/FX/Textures/Smoke/T_TilingClouds_01.uasset" 235
"../../../../../../Users/nle93/Documents/Unreal Projects/Project_BOTS/Content/EveryOtherContent/ParagonTwinblast/FX/Materials/Smoke/M_Explosion_Smoke_Spears.uasset" 236
"../../../../../../Users/nle93/Documents/Unreal Projects/Project_BOTS/Content/EveryOtherContent/ParagonTwinblast/FX/Materials/Smoke/M_Explosion_Smoke_Spears_TB_Inst.uasset" 237
"../../../Engine/Content/Functions/Engine_MaterialFunctions02/Utility/Swizzle.uasset" 238
"../../../../../../Users/nle93/Documents/Unreal Projects/Project_BOTS/Content/EveryOtherContent/ParagonTwinblast/FX/Materials/Functions/MF_Tile_Isolate_XY.uasset" 239
"../../../../../../Users/nle93/Documents/Unreal Projects/Project_BOTS/Content/EveryOtherContent/ParagonTwinblast/FX/Textures/Masks/T_SplineThickness_Mask.uasset" 240
"../../../../../../Users/nle93/Documents/Unreal Projects/Project_BOTS/Content/EveryOtherContent/ParagonTwinblast/FX/Materials/Smoke/Twinblast/M_SplineThickenSmoke_Trails_Master.uasset" 241
"../../../../../../Users/nle93/Documents/Unreal Projects/Project_BOTS/Content/EveryOtherContent/ParagonTwinblast/FX/Materials/Smoke/Twinblast/M_SplineThickenSmoke_Trails_TB_Inst.uasset" 242
"../../../../../../Users/nle93/Documents/Unreal Projects/Project_BOTS/Content/EveryOtherContent/ParagonTwinblast/FX/Meshes/Splines/Smoke/SM_ExploSpline_02.uasset" 243
"../../../../../../Users/nle93/Documents/Unreal Projects/Project_BOTS/Content/EveryOtherContent/ParagonTwinblast/FX/VectorFields/Noisy_Turbulence_103.uasset" 244
"../../../../../../Users/nle93/Documents/Unreal Projects/Project_BOTS/Content/EveryOtherContent/ParagonTwinblast/FX/VectorFields/VelocityGrid60.uasset" 245
"../../../../../../Users/nle93/Documents/Unreal Projects/Project_BOTS/Content/EveryOtherContent/ParagonTwinblast/FX/Particles/Abilities/Primary/FX/P_TwinBlast_Primary_HitWorld.uasset" 246
"../../../../../../Users/nle93/Documents/Unreal Projects/Project_BOTS/Content/FirstPersonBP/HUD/AmmoCounter.uasset" 247
"../../../../../../Users/nle93/Documents/Unreal Projects/Project_BOTS/Content/FirstPersonBP/Blueprints/Guns/Gun_Parent.uasset" 248
"../../../Engine/Content/BasicShapes/BasicShapeMaterial.uasset" 249
"../../../Engine/Content/Functions/Engine_MaterialFunctions01/Opacity/AlphaOffset.uasset" 250
"../../../../../../Users/nle93/Documents/Unreal Projects/Project_BOTS/Content/EveryOtherContent/StarterContent/Textures/T_MacroVariation.uasset" 251
"../../../../../../Users/nle93/Documents/Unreal Projects/Project_BOTS/Content/EveryOtherContent/StarterContent/Textures/T_Wood_Floor_Walnut_D.uasset" 252
"../../../../../../Users/nle93/Documents/Unreal Projects/Project_BOTS/Content/EveryOtherContent/StarterContent/Textures/T_Wood_Floor_Walnut_M.uasset" 253
"../../../../../../Users/nle93/Documents/Unreal Projects/Project_BOTS/Content/EveryOtherContent/StarterContent/Textures/T_Wood_Floor_Walnut_N.uasset" 254
"../../../../../../Users/nle93/Documents/Unreal Projects/Project_BOTS/Content/EveryOtherContent/StarterContent/Materials/M_Wood_Floor_Walnut_Worn.uasset" 255
"../../../../../../Users/nle93/Documents/Unreal Projects/Project_BOTS/Content/EveryOtherContent/StarterContent/Textures/T_Frame_M.uasset" 256
"../../../../../../Users/nle93/Documents/Unreal Projects/Project_BOTS/Content/EveryOtherContent/StarterContent/Textures/T_Frame_N.uasset" 257
"../../../../../../Users/nle93/Documents/Unreal Projects/Project_BOTS/Content/EveryOtherContent/StarterContent/Props/Materials/M_Frame.uasset" 258
"../../../Engine/Content/BasicShapes/Cube.uasset" 259
"../../../../../../Users/nle93/Documents/Unreal Projects/Project_BOTS/Content/EveryOtherContent/Geometry/Meshes/CubeMaterial.uasset" 260
"../../../../../../Users/nle93/Documents/Unreal Projects/Project_BOTS/Content/EveryOtherContent/Geometry/Meshes/1M_Cube.uasset" 261
"../../../../../../Users/nle93/Documents/Unreal Projects/Project_BOTS/Content/EveryOtherContent/StarterContent/Materials/M_Basic_Wall.uasset" 262
"../../../../../../Users/nle93/Documents/Unreal Projects/Project_BOTS/Content/EveryOtherContent/StarterContent/Shapes/Shape_Cylinder.uasset" 263
"../../../../../../Users/nle93/Documents/Unreal Projects/Project_BOTS/Content/EveryOtherContent/StarterContent/Shapes/Shape_NarrowCapsule.uasset" 264
"../../../../../../Users/nle93/Documents/Unreal Projects/Project_BOTS/Content/EveryOtherContent/StarterContent/Shapes/Shape_Trim.uasset" 265
"../../../../../../Users/nle93/Documents/Unreal Projects/Project_BOTS/Content/FirstPersonBP/Audio/nova_pump.uasset" 266
"../../../../../../Users/nle93/Documents/Unreal Projects/Project_BOTS/Content/FirstPersonBP/Blueprints/Guns/Gun_Children/Experimental/Gun_1887.uasset" 267
"../../../Engine/Content/ArtTools/RenderToTexture/Enums/RenderToTexture_Enum.uasset" 268
"../../../Engine/Content/ArtTools/RenderToTexture/Enums/RenderToTexture_Flipbook_Enum.uasset" 269
"../../../Engine/Content/ArtTools/RenderToTexture/Enums/RenderToTexture_Imposter_Enum.uasset" 270
"../../../Engine/Content/ArtTools/RenderToTexture/Enums/EIntTypes.uasset" 271
"../../../Engine/Content/ArtTools/RenderToTexture/Macros/RenderToTextureFunctionLibrary.uasset" 272
"../../../Engine/Content/ArtTools/RenderToTexture/Enums/EFloatTypes.uasset" 273
"../../../Engine/Content/ArtTools/RenderToTexture/Macros/RenderToTextureMacros.uasset" 274
"../../../Engine/Content/ArtTools/RenderToTexture/Meshes/S_1_Unit_Plane.uasset" 275
"../../../Engine/Content/EngineMaterials/DefaultMaterial.uasset" 276
"../../../Engine/Content/BasicShapes/Cone.uasset" 277
"../../../Engine/Content/BasicShapes/Cylinder.uasset" 278
"../../../Engine/Content/BasicShapes/Plane.uasset" 279
"../../../Engine/Content/BasicShapes/Sphere.uasset" 280
"../../../Engine/Content/EngineMaterials/DefaultPhysicalMaterial.uasset" 281
"../../../Engine/Content/BufferVisualization/AmbientOcclusion.uasset" 282
"../../../Engine/Content/BufferVisualization/BaseColor.uasset" 283
"../../../Engine/Content/BufferVisualization/CustomDepth.uasset" 284
"../../../Engine/Content/BufferVisualization/CustomDepthWorldUnits.uasset" 285
"../../../Engine/Content/Functions/Engine_MaterialFunctions02/Utility/BreakOutFloat2Components.uasset" 286
"../../../Engine/Content/Functions/Engine_MaterialFunctions01/Texturing/ScaleUVsByCenter.uasset" 287
"../../../Engine/Content/Functions/Engine_MaterialFunctions02/ScreenResolution.uasset" 288
"../../../Engine/Content/Functions/Engine_MaterialFunctions02/Texturing/ScreenAlignedUVs.uasset" 289
"../../../Engine/Content/Functions/Engine_MaterialFunctions02/Utility/MakeFloat2.uasset" 290
"../../../Engine/Content/Functions/Engine_MaterialFunctions02/Utility/MakeFloat3.uasset" 291
"../../../Engine/Content/EngineMaterials/MiniFont.uasset" 292
"../../../Engine/Content/BufferVisualization/CustomStencil.uasset" 293
"../../../Engine/Content/BufferVisualization/FinalImage.uasset" 294
"../../../Engine/Content/BufferVisualization/LightingModel.uasset" 295
"../../../Engine/Content/BufferVisualization/MaterialAO.uasset" 296
"../../../Engine/Content/BufferVisualization/Metallic.uasset" 297
"../../../Engine/Content/BufferVisualization/Opacity.uasset" 298
"../../../Engine/Content/BufferVisualization/PostTonemapHDRColor.uasset" 299
"../../../Engine/Content/BufferVisualization/PreTonemapHDRColor.uasset" 300
"../../../Engine/Content/BufferVisualization/Roughness.uasset" 301
"../../../Engine/Content/BufferVisualization/SceneColor.uasset" 302
"../../../Engine/Content/BufferVisualization/SceneDepth.uasset" 303
"../../../Engine/Content/BufferVisualization/SceneDepthWorldUnits.uasset" 304
"../../../Engine/Content/BufferVisualization/SeparateTranslucencyA.uasset" 305
"../../../Engine/Content/BufferVisualization/SeparateTranslucencyRGB.uasset" 306
"../../../Engine/Content/BufferVisualization/Specular.uasset" 307
"../../../Engine/Content/BufferVisualization/SubsurfaceColor.uasset" 308
"../../../Engine/Content/BufferVisualization/Velocity.uasset" 309
"../../../Engine/Content/BufferVisualization/WorldNormal.uasset" 310
"../../../Engine/Content/EditorBlueprintResources/ActorMacros.uasset" 311
"../../../Engine/Content/EditorLandscapeResources/DataLayer.uasset" 312
"../../../Engine/Content/EditorLandscapeResources/LandscapeGizmoHeight_Mat.uasset" 313
"../../../Engine/Content/EditorLandscapeResources/LandscapeGizmo_Mat.uasset" 314
"../../../Engine/Content/EditorLandscapeResources/LandscapeGizmo_Mat_Copied.uasset" 315
"../../../Engine/Content/EditorLandscapeResources/SplineEditorMeshMat.uasset" 316
"../../../Engine/Content/EditorLandscapeResources/SplineEditorMesh.uasset" 317
"../../../Engine/Content/EditorMaterials/Cross.uasset" 318
"../../../Engine/Content/EditorMaterials/Cross_Mat.uasset" 319
"../../../Engine/Content/EditorMaterials/GizmoMaterial.uasset" 320
"../../../Engine/Content/Functions/Engine_MaterialFunctions02/ExampleContent/Textures/flipbook.uasset" 321
"../../../Engine/Content/Functions/Engine_MaterialFunctions02/Texturing/FlipBook.uasset" 322
"../../../Engine/Content/Functions/Engine_MaterialFunctions02/Utility/Sign.uasset" 323
"../../../Engine/Content/Functions/Engine_MaterialFunctions02/Utility/Round.uasset" 324
"../../../Engine/Content/EditorResources/T_EditorHelp.uasset" 325
"../../../Engine/Content/EditorMaterials/HelpActorMaterial.uasset" 326
"../../../Engine/Content/EditorMaterials/CompositeARGBLayer.uasset" 327
"../../../Engine/Content/EditorMaterials/TilingAALineIntegral.uasset" 328
"../../../Engine/Content/EditorMaterials/TilingAALineBoxFiltered.uasset" 329
"../../../Engine/Content/Functions/Engine_MaterialFunctions03/Procedurals/ComputeFilterWidth.uasset" 330
"../../../Engine/Content/EditorMaterials/TilingAADots.uasset" 331
"../../../Engine/Content/Functions/Engine_MaterialFunctions03/Blends/Blend_Screen.uasset" 332
"../../../Engine/Content/EditorMaterials/TilingAAGrid.uasset" 333
"../../../Engine/Content/EditorMaterials/LevelGridMaterial.uasset" 334
"../../../Engine/Content/EditorMaterials/MakeCompositeARGBLayer.uasset" 335
"../../../Engine/Content/EditorResources/LevelGrid1DStripes.uasset" 336
"../../../Engine/Content/EditorMaterials/TextureGridCascaded1D.uasset" 337
"../../../Engine/Content/EditorMaterials/TextureGridCascaded2D.uasset" 338
"../../../Engine/Content/EditorMaterials/LevelGridMaterial2.uasset" 339
"../../../Engine/Content/EditorMaterials/MAT_Groups_Toggle.uasset" 340
"../../../Engine/Content/EditorMaterials/MAT_Groups_Visibility.uasset" 341
"../../../Engine/Content/EditorMaterials/AntialiasedGridFloor.uasset" 342
"../../../Engine/Content/EditorResources/TilePatine_D.uasset" 343
"../../../Engine/Content/EditorResources/TilePatine_N.uasset" 344
"../../../Engine/Content/EngineMaterials/Grid.uasset" 345
"../../../Engine/Content/EditorMaterials/PersonaFloorMat.uasset" 346
"../../../Engine/Content/EditorMaterials/PhAT_BoneSelectedMaterial.uasset" 347
"../../../Engine/Content/EditorMaterials/PhAT_ElemSelectedMaterial.uasset" 348
"../../../Engine/Content/EditorMaterials/PhAT_NoCollisionMaterial.uasset" 349
"../../../Engine/Content/EditorMaterials/PhAT_UnselectedMaterial.uasset" 350
"../../../Engine/Content/EditorMaterials/PreviewShadowIndicator.uasset" 351
"../../../Engine/Content/EditorMaterials/PreviewShadowIndicatorMaterial.uasset" 352
"../../../Engine/Content/EditorMaterials/TargetIcon.uasset" 353
"../../../Engine/Content/EditorMaterials/Tick.uasset" 354
"../../../Engine/Content/EditorMaterials/Tick_Mat.uasset" 355
"../../../Engine/Content/EditorMaterials/WidgetGridVertexColorMaterial.uasset" 356
"../../../Engine/Content/EditorMaterials/WidgetGridVertexColorMaterial_Ma.uasset" 357
"../../../Engine/Content/EditorMaterials/WidgetMaterial.uasset" 358
"../../../Engine/Content/EditorMaterials/WidgetMaterial_Current.uasset" 359
"../../../Engine/Content/EditorMaterials/WidgetMaterial_X.uasset" 360
"../../../Engine/Content/EditorMaterials/WidgetMaterial_Y.uasset" 361
"../../../Engine/Content/EditorMaterials/WidgetMaterial_Z.uasset" 362
"../../../Engine/Content/EditorMaterials/WidgetVertexColorMaterial.uasset" 363
"../../../Engine/Content/EditorMaterials/AssetViewer/EpicQuadPanorama_CC+EV1.uasset" 364
"../../../Engine/Content/MapTemplates/Sky/SunsetAmbientCubemap.uasset" 365
"../../../Engine/Content/EditorMaterials/AssetViewer/M_SkyBox.uasset" 366
"../../../Engine/Content/EditorMaterials/MatineeGroups/MAT_ColorTrack.uasset" 367
"../../../Engine/Content/EditorMaterials/MatineeGroups/MAT_Groups_Anim.uasset" 368
"../../../Engine/Content/EditorMaterials/MatineeGroups/MAT_Groups_AudioMaster.uasset" 369
"../../../Engine/Content/EditorMaterials/MatineeGroups/MAT_Groups_Director.uasset" 370
"../../../Engine/Content/EditorMaterials/MatineeGroups/MAT_Groups_Event.uasset" 371
"../../../Engine/Content/EditorMaterials/MatineeGroups/MAT_Groups_Fade.uasset" 372
"../../../Engine/Content/EditorMaterials/MatineeGroups/MAT_Groups_Float.uasset" 373
"../../../Engine/Content/EditorMaterials/MatineeGroups/MAT_Groups_Move.uasset" 374
"../../../Engine/Content/EditorMaterials/MatineeGroups/MAT_Groups_Slomo.uasset" 375
"../../../Engine/Content/EditorMaterials/MatineeGroups/MAT_Groups_Sound.uasset" 376
"../../../Engine/Content/EditorMaterials/MatineeGroups/MAT_Groups_Vector.uasset" 377
"../../../Engine/Content/EditorMaterials/ParticleSystems/PSysThumbnail_NoImage.uasset" 378
"../../../Engine/Content/EditorMaterials/ParticleSystems/PSysThumbnail_OOD.uasset" 379
"../../../Engine/Content/EditorMaterials/Thumbnails/FloorPlaneMaterial.uasset" 380
"../../../Engine/Content/EditorMeshes/EditorCube.uasset" 381
"../../../Engine/Content/EditorMeshes/EditorCylinder.uasset" 382
"../../../Engine/Content/EditorMeshes/EditorPlane.uasset" 383
"../../../Engine/Content/EditorMaterials/Thumbnails/SkySphereMaterial.uasset" 384
"../../../Engine/Content/EditorMeshes/EditorSkySphere.uasset" 385
"../../../Engine/Content/EditorMeshes/EditorSphere.uasset" 386
"../../../Engine/Content/EditorResources/MatineeCam_D.uasset" 387
"../../../Engine/Content/EditorMaterials/MatineeCam_mat.uasset" 388
"../../../Engine/Content/EditorMeshes/MatineeCam_SM.uasset" 389
"../../../Engine/Content/Functions/Engine_MaterialFunctions01/Shading/ConvertFromDiffSpec.uasset" 390
"../../../Engine/Content/EditorMaterials/GridMaterial.uasset" 391
"../../../Engine/Content/EditorMeshes/PhAT_FloorBox.uasset" 392
"../../../Engine/Content/EditorMeshes/PlanarReflectionPlane.uasset" 393
"../../../Engine/Content/EditorMeshes/AssetViewer/Floor_Mesh.uasset" 394
"../../../Engine/Content/EditorMeshes/AssetViewer/Sphere_inversenormals.uasset" 395
"../../../Engine/Content/EditorMaterials/Camera/CineMat.uasset" 396
"../../../Engine/Content/EditorMaterials/Camera/MI_CineMat_CameraBody.uasset" 397
"../../../Engine/Content/EngineDebugMaterials/M_SimpleOpaque.uasset" 398
"../../../Engine/Content/EditorMaterials/Camera/MI_CineMat_CamViewFinder.uasset" 399
"../../../Engine/Content/EditorMeshes/Camera/SM_CineCam.uasset" 400
"../../../Engine/Content/EditorMaterials/Camera/MI_CineMat_Rig.uasset" 401
"../../../Engine/Content/EditorMeshes/Camera/SM_CraneRig_Arm.uasset" 402
"../../../Engine/Content/EditorMeshes/Camera/SM_CraneRig_Base.uasset" 403
"../../../Engine/Content/EditorMeshes/Camera/SM_CraneRig_Body.uasset" 404
"../../../Engine/Content/EditorMeshes/Camera/SM_CraneRig_Mount.uasset" 405
"../../../Engine/Content/EditorMeshes/Camera/SM_RailRig_Mount.uasset" 406
"../../../Engine/Content/EditorMeshes/Camera/SM_RailRig_Track.uasset" 407
"../../../Engine/Content/EditorMeshes/ColorCalibrator/M_ChromeBall.uasset" 408
"../../../Engine/Content/EditorResources/Bad.uasset" 409
"../../../Engine/Content/EditorResources/BSPVertex.uasset" 410
"../../../Engine/Content/EditorResources/EmptyActor.uasset" 411
"../../../Engine/Content/EditorResources/MatInstActSprite.uasset" 412
"../../../Engine/Content/EditorResources/SceneManager.uasset" 413
"../../../Engine/Content/EditorResources/SmallFont.uasset" 414
"../../../Engine/Content/EditorResources/S_Actor.uasset" 415
"../../../Engine/Content/EditorResources/S_DecalActorIcon.uasset" 416
"../../../Engine/Content/EditorResources/S_Emitter.uasset" 417
"../../../Engine/Content/EditorResources/S_ExpoHeightFog.uasset" 418
"../../../Engine/Content/EditorResources/S_FTest.uasset" 419
"../../../Engine/Content/EditorResources/S_KBSJoint.uasset" 420
"../../../Engine/Content/EditorResources/S_KHinge.uasset" 421
"../../../Engine/Content/EditorResources/S_KPrismatic.uasset" 422
"../../../Engine/Content/EditorResources/S_LevelSequence.uasset" 423
"../../../Engine/Content/EditorResources/S_NavP.uasset" 424
"../../../Engine/Content/EditorResources/S_Note.uasset" 425
"../../../Engine/Content/EditorResources/S_Player.uasset" 426
"../../../Engine/Content/EditorResources/S_PortalActorIcon2.uasset" 427
"../../../Engine/Content/EditorResources/S_RadForce.uasset" 428
"../../../Engine/Content/EditorResources/S_ReflActorIcon.uasset" 429
"../../../Engine/Content/EditorResources/S_Solver.uasset" 430
"../../../Engine/Content/EditorResources/S_Terrain.uasset" 431
"../../../Engine/Content/EditorResources/S_TextRenderActorIcon.uasset" 432
"../../../Engine/Content/EditorResources/S_Thruster.uasset" 433
"../../../Engine/Content/EditorResources/S_Trigger.uasset" 434
"../../../Engine/Content/EditorResources/S_VectorFieldVol.uasset" 435
"../../../Engine/Content/EditorResources/S_WindDirectional.uasset" 436
"../../../Engine/Content/EditorResources/AI/S_NavLink.uasset" 437
"../../../Engine/Content/EditorResources/LightIcons/SkyLight.uasset" 438
"../../../Engine/Content/EditorResources/LightIcons/S_LightDirectional.uasset" 439
"../../../Engine/Content/EditorResources/LightIcons/S_LightDirectionalMove.uasset" 440
"../../../Engine/Content/EditorResources/LightIcons/S_LightError.uasset" 441
"../../../Engine/Content/EditorResources/LightIcons/S_LightPoint.uasset" 442
"../../../Engine/Content/EditorResources/LightIcons/S_LightPointMove.uasset" 443
"../../../Engine/Content/EditorResources/LightIcons/S_LightSpot.uasset" 444
"../../../Engine/Content/EditorResources/LightIcons/S_LightSpotMove.uasset" 445
"../../../Engine/Content/EditorResources/SequenceRecorder/Countdown.uasset" 446
"../../../Engine/Content/EditorResources/SequenceRecorder/RecordingIndicator.uasset" 447
"../../../Engine/Content/EditorResources/Spline/T_Loft_Spline.uasset" 448
"../../../Engine/Content/EditorSounds/Notifications/CompileFailed.uasset" 449
"../../../Engine/Content/EditorSounds/Notifications/CompileFailed_Cue.uasset" 450
"../../../Engine/Content/EditorSounds/Notifications/CompileSuccess.uasset" 451
"../../../Engine/Content/EditorSounds/Notifications/CompileStart_Cue.uasset" 452
"../../../Engine/Content/EditorSounds/Notifications/CompileSuccess_Cue.uasset" 453
"../../../Engine/Content/EngineDamageTypes/DmgTypeBP_Environmental.uasset" 454
"../../../Engine/Content/EngineDebugMaterials/HeatmapGradient.uasset" 455
"../../../Engine/Content/EngineDebugMaterials/BoneWeightMaterial.uasset" 456
"../../../Engine/Content/EngineDebugMaterials/ClothMaterial.uasset" 457
"../../../Engine/Content/EngineDebugMaterials/ClothMaterial_WF.uasset" 458
"../../../Engine/Content/EngineDebugMaterials/DebugEditorMaterial.uasset" 459
"../../../Engine/Content/EngineDebugMaterials/DebugMeshMaterial.uasset" 460
"../../../Engine/Content/EngineDebugMaterials/GeomMaterial.uasset" 461
"../../../Engine/Content/EngineDebugMaterials/LevelColorationLitMaterial.uasset" 462
"../../../Engine/Content/EngineDebugMaterials/LevelColorationUnlitMaterial.uasset" 463
"../../../Engine/Content/EngineMaterials/DefaultWhiteGrid.uasset" 464
"../../../Engine/Content/EngineDebugMaterials/MAT_LevelColorationLitLightmapUV.uasset" 465
"../../../Engine/Content/EngineDebugMaterials/M_SimpleTranslucent.uasset" 466
"../../../Engine/Content/Functions/Engine_MaterialFunctions02/Utility/CameraDirectionVector.uasset" 467
"../../../Engine/Content/EngineDebugMaterials/VolumeToRender.uasset" 468
"../../../Engine/Content/EngineDebugMaterials/M_VolumeRenderSphereTracePP.uasset" 469
"../../../Engine/Content/EngineDebugMaterials/ShadedLevelColorationLitMaterial.uasset" 470
"../../../Engine/Content/EngineDebugMaterials/ShadedLevelColorationUnlitMateri.uasset" 471
"../../../Engine/Content/EngineDebugMaterials/VertexColorMaterial.uasset" 472
"../../../Engine/Content/EngineDebugMaterials/VertexColorViewMode_AlphaAsColor.uasset" 473
"../../../Engine/Content/EngineDebugMaterials/VertexColorViewMode_BlueOnly.uasset" 474
"../../../Engine/Content/EngineDebugMaterials/VertexColorViewMode_ColorOnly.uasset" 475
"../../../Engine/Content/EngineDebugMaterials/VertexColorViewMode_GreenOnly.uasset" 476
"../../../Engine/Content/EngineDebugMaterials/VertexColorViewMode_RedOnly.uasset" 477
"../../../Engine/Content/EngineDebugMaterials/WireframeMaterial.uasset" 478
"../../../Engine/Content/EngineFonts/Faces/RobotoBold.uasset" 479
"../../../Engine/Content/EngineFonts/Faces/RobotoBoldItalic.uasset" 480
"../../../Engine/Content/EngineFonts/Faces/RobotoItalic.uasset" 481
"../../../Engine/Content/EngineFonts/Faces/RobotoLight.uasset" 482
"../../../Engine/Content/EngineFonts/Faces/RobotoRegular.uasset" 483
"../../../Engine/Content/EngineFonts/Roboto.uasset" 484
"../../../Engine/Content/EngineFonts/Faces/RobotoTiny.uasset" 485
"../../../Engine/Content/EngineFonts/RobotoTiny.uasset" 486
"../../../Engine/Content/EngineFonts/SmallFont.uasset" 487
"../../../Engine/Content/EngineFonts/TinyFont.uasset" 488
"../../../Engine/Content/EngineMaterials/BaseFlattenDiffuseMap.uasset" 489
"../../../Engine/Content/EngineMaterials/BaseFlattenEmissiveMap.uasset" 490
"../../../Engine/Content/EngineMaterials/BaseFlattenGrayscaleMap.uasset" 491
"../../../Engine/Content/EngineMaterials/BaseFlattenNormalMap.uasset" 492
"../../../Engine/Content/EngineMaterials/BaseFlattenMaterial.uasset" 493
"../../../Engine/Content/EngineResources/WhiteSquareTexture.uasset" 494
"../../../Engine/Content/EngineMaterials/BlinkingCaret.uasset" 495
"../../../Engine/Content/EngineMaterials/BlueNoise.uasset" 496
"../../../Engine/Content/EngineMaterials/DefaultBloomKernel.uasset" 497
"../../../Engine/Content/EngineMaterials/DefaultBokeh.uasset" 498
"../../../Engine/Content/EngineMaterials/DefaultDiffuse.uasset" 499
"../../../Engine/Content/EngineMaterials/DefaultDeferredDecalMaterial.uasset" 500
"../../../Engine/Content/EngineMaterials/DefaultLightFunctionMaterial.uasset" 501
"../../../Engine/Content/EngineMaterials/DefaultNormal.uasset" 502
"../../../Engine/Content/EngineMaterials/DefaultPostProcessMaterial.uasset" 503
"../../../Engine/Content/EngineFonts/RobotoDistanceField.uasset" 504
"../../../Engine/Content/EngineMaterials/DefaultTextMaterialOpaque.uasset" 505
"../../../Engine/Content/EngineMaterials/DefaultVirtualTextureMaterial.uasset" 506
"../../../Engine/Content/EngineMaterials/EditorBrushMaterial.uasset" 507
"../../../Engine/Content/EngineMaterials/DefaultWhiteGrid_Low.uasset" 508
"../../../Engine/Content/EngineMaterials/EmissiveMeshMaterial.uasset" 509
"../../../Engine/Content/EngineMaterials/Grid_N.uasset" 510
"../../../Engine/Content/EngineMaterials/HighResolutionScreenshotMaskFunction.uasset" 511
"../../../Engine/Content/EngineMaterials/HighResScreenshot.uasset" 512
"../../../Engine/Content/EngineMaterials/HighResScreenshotCaptureRegion.uasset" 513
"../../../Engine/Content/EngineMaterials/HighResScreenshotMask.uasset" 514
"../../../Engine/Content/EngineMaterials/LandscapeHolePhysicalMaterial.uasset" 515
"../../../Engine/Content/EngineMaterials/InvalidLightmapSettings.uasset" 516
"../../../Engine/Content/EngineMaterials/M_InvalidLightmapSettings.uasset" 517
"../../../Engine/Content/EngineMaterials/PaperDiffuse.uasset" 518
"../../../Engine/Content/EngineMaterials/PaperNormal.uasset" 519
"../../../Engine/Content/EngineMaterials/PhAT_JointLimitMaterial.uasset" 520
"../../../Engine/Content/EngineMaterials/PhysMat_Rubber.uasset" 521
"../../../Engine/Content/EngineMaterials/PreintegratedSkinBRDF.uasset" 522
"../../../Engine/Content/EngineMaterials/RemoveSurfaceMaterial.uasset" 523
"../../../Engine/Content/EngineMaterials/WeightMapPlaceholderTexture.uasset" 524
"../../../Engine/Content/EngineMaterials/Widget3DPassThrough.uasset" 525
"../../../Engine/Content/EngineMaterials/Widget3DPassThrough_Masked.uasset" 526
"../../../Engine/Content/EngineMaterials/Widget3DPassThrough_Opaque.uasset" 527
"../../../Engine/Content/EngineMaterials/Widget3DPassThrough_Masked_OneSided.uasset" 528
"../../../Engine/Content/EngineMaterials/Widget3DPassThrough_Opaque_OneSided.uasset" 529
"../../../Engine/Content/EngineMaterials/Widget3DPassThrough_Translucent.uasset" 530
"../../../Engine/Content/EngineMaterials/Widget3DPassThrough_Translucent_OneSided.uasset" 531
"../../../Engine/Content/EngineMeshes/Cylinder.uasset" 532
"../../../Engine/Content/EngineMeshes/Sphere.uasset" 533
"../../../Engine/Content/EngineResources/Black.uasset" 534
"../../../Engine/Content/EngineResources/DefaultTexture.uasset" 535
"../../../Engine/Content/EngineResources/DefaultTextureCube.uasset" 536
"../../../Engine/Content/EngineResources/DefaultVolumeTexture2D.uasset" 537
"../../../Engine/Content/EngineResources/DefaultVolumeTexture.uasset" 538
"../../../Engine/Content/EngineResources/GradientTexture0.uasset" 539
"../../../Engine/Content/EngineResources/StreamingPauseIcon.uasset" 540
"../../../Engine/Content/EngineResources/M_StreamingPause.uasset" 541
"../../../Engine/Content/EngineSounds/Master.uasset" 542
"../../../Engine/Content/Functions/Engine_MaterialFunctions01/Shading/PowerToRoughness.uasset" 543
"../../../Engine/Content/Maps/Templates/Thumbnails/Default.uasset" 544
"../../../Engine/Content/Maps/Templates/Thumbnails/VR-Basic.uasset" 545
"../../../Engine/Content/MapTemplates/Sky/DaylightAmbientCubemap.uasset" 546
"../../../Engine/Content/MobileResources/T_MobileControls_texture.uasset" 547
"../../../Engine/Content/MobileResources/T_MobileMenu2.uasset" 548
"../../../Engine/Content/MobileResources/HUD/AnalogHat.uasset" 549
"../../../Engine/Content/MobileResources/HUD/VirtualJoystick_Background.uasset" 550
"../../../Engine/Content/MobileResources/HUD/VirtualJoystick_Thumb.uasset" 551
"../../../Engine/Content/MobileResources/HUD/DefaultVirtualJoysticks.uasset" 552
"../../../Engine/Content/MobileResources/HUD/LeftVirtualJoystickOnly.uasset" 553
"../../../Engine/Content/MobileResources/HUD/MobileHUDButton1_off.uasset" 554
"../../../Engine/Content/MobileResources/HUD/MobileHUDButton1_on.uasset" 555
"../../../Engine/Content/MobileResources/HUD/MobileHUDButton2_off.uasset" 556
"../../../Engine/Content/MobileResources/HUD/MobileHUDButton2_on.uasset" 557
"../../../Engine/Content/MobileResources/HUD/MobileHUDButton3.uasset" 558
"../../../Engine/Content/MobileResources/HUD/MobileHUDButtonFire.uasset" 559
"../../../Engine/Content/MobileResources/HUD/MobileHUDDirectionPad.uasset" 560
"../../../Engine/Content/MobileResources/HUD/MobileHUDDirectionPad2.uasset" 561
"../../../Engine/Content/MobileResources/HUD/MobileHUDDirectionPad3.uasset" 562
"../../../Engine/Content/MobileResources/HUD/MobileHUDDirectionStick.uasset" 563
"../../../Engine/Content/MobileResources/HUD/T_Castle_ThumbstickInner.uasset" 564
"../../../Engine/Content/MobileResources/HUD/T_Castle_ThumbstickOutter.uasset" 565
"../../../Engine/Content/Tutorial/ContentIntroCurve.uasset" 566
"../../../Engine/Content/Tutorial/Basics/LevelEditorAttract.uasset" 567
"../../../Engine/Content/Tutorial/Basics/TutorialAssets/icon_tab_Levels_40x.uasset" 568
"../../../Engine/Content/Tutorial/Basics/LevelEditorOverview.uasset" 569
"../../../Engine/Content/Tutorial/BlueprintTutorials/TutorialAssets/Blueprint_64x.uasset" 570
"../../../Engine/Content/Tutorial/BlueprintTutorials/BlueprintEditorTutorial.uasset" 571
"../../../Engine/Content/Tutorial/BlueprintTutorials/TutorialAssets/Tutorial_BP_MacroLib.uasset" 572
"../../../Engine/Content/Tutorial/Landscape/TutorialAssets/Landscape.uasset" 573
"../../../Engine/Content/Tutorial/Landscape/LandscapeWalkThrough.uasset" 574
"../../../Engine/Content/Tutorial/Landscape/Landscape_Manage_Mode.uasset" 575
"../../../Engine/Content/Tutorial/Landscape/Landscape_Painting_Mode.uasset" 576
"../../../Engine/Content/Tutorial/Landscape/Landscape_Sculpt_Mode.uasset" 577
"../../../Engine/Content/VREditor/LaserPointer/VR_LaserPower_01.uasset" 578
"../../../Engine/Content/VREditor/TransformGizmo/TransformGizmoMaterial.uasset" 579
"../../../Engine/Content/VREditor/TransformGizmo/TranslucentTransformGizmoMaterial.uasset" 580
"../../../Engine/Content/VREditor/TransformGizmo/BoundingBoxCorner.uasset" 581
"../../../Engine/Content/VREditor/TransformGizmo/BoundingBoxEdge.uasset" 582
"../../../Engine/Content/VREditor/TransformGizmo/PlaneTranslationHandle.uasset" 583
"../../../Engine/Content/VREditor/TransformGizmo/Main.uasset" 584
"../../../Engine/Content/VREditor/TransformGizmo/Xray.uasset" 585
"../../../Engine/Content/VREditor/TransformGizmo/SM_Sequencer_Key.uasset" 586
"../../../Engine/Content/VREditor/TransformGizmo/SM_Sequencer_Node.uasset" 587
"../../../../../../Users/nle93/Documents/Unreal Projects/Project_BOTS/Content/FirstPersonBP/FirstPersonOverview.uasset" 588
"../../../../../../Users/nle93/Documents/Unreal Projects/Project_BOTS/Content/FirstPersonBP/Audio/Grenade_Launcher_ShotnLoad.uasset" 589
"../../../../../../Users/nle93/Documents/Unreal Projects/Project_BOTS/Content/FirstPersonBP/Audio/revolver_clipin.uasset" 590
"../../../../../../Users/nle93/Documents/Unreal Projects/Project_BOTS/Content/FirstPersonBP/Audio/smg_02.uasset" 591
"../../../../../../Users/nle93/Documents/Unreal Projects/Project_BOTS/Content/FirstPersonBP/Audio/ssg_insertshell.uasset" 592
"../../../../../../Users/nle93/Documents/Unreal Projects/Project_BOTS/Content/FirstPersonBP/Audio/ssg_pump.uasset" 593
"../../../../../../Users/nle93/Documents/Unreal Projects/Project_BOTS/Content/FirstPersonBP/Audio/uhg_01.uasset" 594
"../../../Engine/Content/Animation/DefaultAnimCurveCompressionSettings.uasset" 595
"../../../../../../Users/nle93/Documents/Unreal Projects/Project_BOTS/Content/FirstPersonBP/Audio/suit_sprint.uasset" 596
"../../../../../../Users/nle93/Documents/Unreal Projects/Project_BOTS/Content/FirstPersonBP/Audio/Off.uasset" 597
"../../../../../../Users/nle93/Documents/Unreal Projects/Project_BOTS/Content/FirstPersonBP/Audio/jumplanding.uasset" 598
"../../../../../../Users/nle93/Documents/Unreal Projects/Project_BOTS/Content/FirstPersonBP/Audio/Jump.uasset" 599
"../../Plugins/2D/Paper2D/Content/PlaceholderTextures/DummySpriteTexture.uasset" 600
"../../Plugins/2D/Paper2D/Content/DummySprite.uasset" 601
"../../Plugins/2D/Paper2D/Content/DefaultPaperTerrainMaterial.uasset" 602
"../../Plugins/2D/Paper2D/Content/DefaultSpriteMaterial.uasset" 603
"../../Plugins/2D/Paper2D/Content/MaskedUnlitSpriteMaterial.uasset" 604
"../../Plugins/2D/Paper2D/Content/OpaqueUnlitSpriteMaterial.uasset" 605
"../../Plugins/Enterprise/DatasmithContent/Content/Blueprints/FBXImporter/ArrayOfActor.uasset" 606
"../../Plugins/Enterprise/DatasmithContent/Content/Blueprints/FBXImporter/ArrayOfSwitch.uasset" 607
"../../Plugins/Enterprise/DatasmithContent/Content/Blueprints/FBXImporter/BP_SceneNode.uasset" 608
"../../Plugins/Enterprise/DatasmithContent/Content/Blueprints/FBXImporter/BP_Switch.uasset" 609
"../../Plugins/Enterprise/DatasmithContent/Content/Blueprints/FBXImporter/BP_SceneRoot.uasset" 610
"../../Plugins/Enterprise/DatasmithContent/Content/Blueprints/FBXImporter/FBXImporterUtils.uasset" 611
"../../Plugins/Enterprise/DatasmithContent/Content/Blueprints/FBXImporter/Animation/DeltaGenAnimationTrackType.uasset" 612
"../../Plugins/Enterprise/DatasmithContent/Content/Blueprints/FBXImporter/Animation/VREDAnimationTrackComponent.uasset" 613
"../../Plugins/Enterprise/DatasmithContent/Content/Blueprints/FBXImporter/Animation/VREDAnimationTrackType.uasset" 614
"../../Plugins/Enterprise/DatasmithContent/Content/Blueprints/FBXImporter/Animation/VREDAnimCurveComponent.uasset" 615
"../../Plugins/Enterprise/DatasmithContent/Content/Blueprints/FBXImporter/Animation/VREDAnimCurveType.uasset" 616
"../../Plugins/Enterprise/DatasmithContent/Content/Blueprints/FBXImporter/Variants/VariantSwitchType.uasset" 617
"../../Plugins/Enterprise/DatasmithContent/Content/Blueprints/FBXImporter/Variants/VREDVariantSwitchType.uasset" 618
"../../Plugins/Enterprise/DatasmithContent/Content/Blueprints/FBXImporter/Variants/VREDVariantType.uasset" 619
"../../Plugins/Runtime/Oculus/OculusVR/Content/OculusMR_RenderTarget.uasset" 620
"../../../Engine/Content/Functions/Engine_MaterialFunctions02/Utility/BreakOutFloat4Components.uasset" 621
"../../Plugins/Runtime/Oculus/OculusVR/Content/Materials/OculusMR_ChromaKey.uasset" 622
"../../Plugins/Runtime/Oculus/OculusVR/Content/Materials/OculusMR_ChromaKey_Lit.uasset" 623
"../../Plugins/Runtime/Oculus/OculusVR/Content/Materials/OculusMR_OpaqueColoredMaterial.uasset" 624
"../../Plugins/Runtime/Oculus/OculusVR/Content/Materials/OculusMR_WhiteMaterial.uasset" 625
"../../../Engine/Content/Maps/Entry_BuiltData.uasset" 626
"../../../Engine/Content/Maps/Entry.umap" 627
"../../../../../../Users/nle93/Documents/Unreal Projects/Project_BOTS/Content/EveryOtherContent/Mannequin/Animations/ThirdPersonIdle.uasset" 628
"../../../../../../Users/nle93/Documents/Unreal Projects/Project_BOTS/Content/EveryOtherContent/MilitaryWeapSilver/FX/Materials/M_Tracer_A.uasset" 629
"../../../../../../Users/nle93/Documents/Unreal Projects/Project_BOTS/Content/EveryOtherContent/MilitaryWeapSilver/FX/Meshes/St_Tracer_A.uasset" 630
"../../../../../../Users/nle93/Documents/Unreal Projects/Project_BOTS/Content/EveryOtherContent/MilitaryWeapSilver/FX/P_Pistol_Tracer_01.uasset" 631
"../../../../../../Users/nle93/Documents/Unreal Projects/Project_BOTS/Content/FirstPersonBP/Blueprints/Guns/ProjectileMaster.uasset" 632
"../../../Engine/Content/Functions/Engine_MaterialFunctions02/WorldPositionOffset/ObjectScale.uasset" 633
"../../../../../../Users/nle93/Documents/Unreal Projects/Project_BOTS/Content/EveryOtherContent/SuperGrid/StarterPack/Materials/Functions/UV/UV_ObjectScalable.uasset" 634
"../../../../../../Users/nle93/Documents/Unreal Projects/Project_BOTS/Content/EveryOtherContent/SuperGrid/StarterPack/Materials/Functions/UV/UV_CustomTexture.uasset" 635
"../../../../../../Users/nle93/Documents/Unreal Projects/Project_BOTS/Content/EveryOtherContent/SuperGrid/StarterPack/Source/Textures/T_Panels_M.uasset" 636
"../../../../../../Users/nle93/Documents/Unreal Projects/Project_BOTS/Content/EveryOtherContent/SuperGrid/StarterPack/Source/Textures/T_Panels_N.uasset" 637
"../../../../../../Users/nle93/Documents/Unreal Projects/Project_BOTS/Content/EveryOtherContent/SuperGrid/StarterPack/Materials/Base/M_SuperGrid_PanelCustom.uasset" 638
"../../../../../../Users/nle93/Documents/Unreal Projects/Project_BOTS/Content/EveryOtherContent/FPS_Weapon_Bundle/Weapons/Textures/Ammunition/T_762x39_ALB.uasset" 639
"../../../../../../Users/nle93/Documents/Unreal Projects/Project_BOTS/Content/EveryOtherContent/FPS_Weapon_Bundle/Weapons/Textures/Ammunition/T_762x39_M_MSK.uasset" 640
"../../../../../../Users/nle93/Documents/Unreal Projects/Project_BOTS/Content/EveryOtherContent/FPS_Weapon_Bundle/Weapons/Textures/Ammunition/T_762x39_NRM.uasset" 641
"../../../../../../Users/nle93/Documents/Unreal Projects/Project_BOTS/Content/EveryOtherContent/FPS_Weapon_Bundle/Weapons/Materials/Ammunition/M_762x39_Empty.uasset" 642
"../../../../../../Users/nle93/Documents/Unreal Projects/Project_BOTS/Content/EveryOtherContent/FPS_Weapon_Bundle/Weapons/Textures/AR4/T_AR4_ALB.uasset" 643
"../../../../../../Users/nle93/Documents/Unreal Projects/Project_BOTS/Content/EveryOtherContent/FPS_Weapon_Bundle/Weapons/Textures/AR4/T_AR4_M_MSK.uasset" 644
"../../../../../../Users/nle93/Documents/Unreal Projects/Project_BOTS/Content/EveryOtherContent/FPS_Weapon_Bundle/Weapons/Textures/AR4/T_AR4_NRM.uasset" 645
"../../../../../../Users/nle93/Documents/Unreal Projects/Project_BOTS/Content/EveryOtherContent/FPS_Weapon_Bundle/Weapons/Materials/AR4/M_AR4.uasset" 646
"../../../../../../Users/nle93/Documents/Unreal Projects/Project_BOTS/Content/EveryOtherContent/FPS_Weapon_Bundle/Weapons/Meshes/AR4/SK_AR4_Physics.uasset" 647
"../../../../../../Users/nle93/Documents/Unreal Projects/Project_BOTS/Content/EveryOtherContent/FPS_Weapon_Bundle/Weapons/Meshes/AR4/SK_AR4_Skeleton.uasset" 648
"../../../../../../Users/nle93/Documents/Unreal Projects/Project_BOTS/Content/EveryOtherContent/FPS_Weapon_Bundle/Weapons/Meshes/AR4/SK_AR4.uasset" 649
"../../../../../../Users/nle93/Documents/Unreal Projects/Project_BOTS/Content/EveryOtherContent/MilitaryWeapSilver/FX/Textures/T_Debris_Tileable_01.uasset" 650
"../../../../../../Users/nle93/Documents/Unreal Projects/Project_BOTS/Content/EveryOtherContent/MilitaryWeapSilver/FX/Textures/T_Pistol_Smoke_2x2_A.uasset" 651
"../../../../../../Users/nle93/Documents/Unreal Projects/Project_BOTS/Content/EveryOtherContent/MilitaryWeapSilver/FX/Materials/M_Debris_Tileable_01.uasset" 652
"../../../../../../Users/nle93/Documents/Unreal Projects/Project_BOTS/Content/EveryOtherContent/MilitaryWeapSilver/FX/Textures/T_Ember_01.uasset" 653
"../../../../../../Users/nle93/Documents/Unreal Projects/Project_BOTS/Content/EveryOtherContent/MilitaryWeapSilver/FX/Materials/M_Ember_Speed_01.uasset" 654
"../../../Engine/Content/Functions/Engine_MaterialFunctions02/Fresnel_Function.uasset" 655
"../../../../../../Users/nle93/Documents/Unreal Projects/Project_BOTS/Content/EveryOtherContent/MilitaryWeapSilver/FX/Materials/M_GlowSphere_01.uasset" 656
"../../../../../../Users/nle93/Documents/Unreal Projects/Project_BOTS/Content/EveryOtherContent/MilitaryWeapSilver/FX/Textures/T_LightRay_01.uasset" 657
"../../../../../../Users/nle93/Documents/Unreal Projects/Project_BOTS/Content/EveryOtherContent/MilitaryWeapSilver/FX/Materials/M_LightRay_01.uasset" 658
"../../../../../../Users/nle93/Documents/Unreal Projects/Project_BOTS/Content/EveryOtherContent/MilitaryWeapSilver/FX/Textures/T_RockSmall_01.uasset" 659
"../../../../../../Users/nle93/Documents/Unreal Projects/Project_BOTS/Content/EveryOtherContent/MilitaryWeapSilver/FX/Materials/M_RockSmall_01.uasset" 660
"../../../../../../Users/nle93/Documents/Unreal Projects/Project_BOTS/Content/EveryOtherContent/MilitaryWeapSilver/FX/Textures/T_Shockwave_NormalMap_01.uasset" 661
"../../../../../../Users/nle93/Documents/Unreal Projects/Project_BOTS/Content/EveryOtherContent/MilitaryWeapSilver/FX/Materials/M_Shockwave_Refraction_01.uasset" 662
"../../../../../../Users/nle93/Documents/Unreal Projects/Project_BOTS/Content/EveryOtherContent/MilitaryWeapSilver/FX/Textures/T_SmokeRibbon_01.uasset" 663
"../../../../../../Users/nle93/Documents/Unreal Projects/Project_BOTS/Content/EveryOtherContent/MilitaryWeapSilver/FX/Materials/M_SmokeRibbon_01.uasset" 664
"../../../../../../Users/nle93/Documents/Unreal Projects/Project_BOTS/Content/EveryOtherContent/MilitaryWeapSilver/FX/Textures/T_Explosion_8x8_Density_01.uasset" 665
"../../../../../../Users/nle93/Documents/Unreal Projects/Project_BOTS/Content/EveryOtherContent/MilitaryWeapSilver/FX/Textures/T_Explosion_8x8_Erode_01.uasset" 666
"../../../../../../Users/nle93/Documents/Unreal Projects/Project_BOTS/Content/EveryOtherContent/MilitaryWeapSilver/FX/Textures/T_Explosion_8x8_Temperature_01.uasset" 667
"../../../../../../Users/nle93/Documents/Unreal Projects/Project_BOTS/Content/EveryOtherContent/MilitaryWeapSilver/FX/Textures/T_Explosion_Macro_01.uasset" 668
"../../../../../../Users/nle93/Documents/Unreal Projects/Project_BOTS/Content/EveryOtherContent/MilitaryWeapSilver/FX/Textures/T_Spherical_NormalMap_01.uasset" 669
"../../../../../../Users/nle93/Documents/Unreal Projects/Project_BOTS/Content/EveryOtherContent/MilitaryWeapSilver/FX/Materials/M_Explosion_8x8_A_01.uasset" 670
"../../../../../../Users/nle93/Documents/Unreal Projects/Project_BOTS/Content/EveryOtherContent/MilitaryWeapSilver/FX/Materials/M_RocketExplosion_8x8_A_01_Inst.uasset" 671
"../../../../../../Users/nle93/Documents/Unreal Projects/Project_BOTS/Content/EveryOtherContent/MilitaryWeapSilver/FX/Textures/T_Smoke_8x8_B_01.uasset" 672
"../../../../../../Users/nle93/Documents/Unreal Projects/Project_BOTS/Content/EveryOtherContent/MilitaryWeapSilver/FX/Materials/M_Smoke_8x8_B_01.uasset" 673
"../../../../../../Users/nle93/Documents/Unreal Projects/Project_BOTS/Content/EveryOtherContent/MilitaryWeapSilver/FX/Materials/M_Smoke_8x8_B_01_Inst.uasset" 674
"../../../../../../Users/nle93/Documents/Unreal Projects/Project_BOTS/Content/EveryOtherContent/MilitaryWeapSilver/FX/Meshes/St_Sphere_01.uasset" 675
"../../../../../../Users/nle93/Documents/Unreal Projects/Project_BOTS/Content/EveryOtherContent/MilitaryWeapSilver/FX/P_Grenade_Explosion_01.uasset" 676
"../../../../../../Users/nle93/Documents/Unreal Projects/Project_BOTS/Content/EveryOtherContent/ParagonTwinblast/FX/Particles/Abilities/Primary/FX/P_TwinBlast_Primary_MuzzleFlashLeft.uasset" 677
"../../../../../../Users/nle93/Documents/Unreal Projects/Project_BOTS/Content/EveryOtherContent/StarterContent/Audio/Explosion01.uasset" 678
"../../../../../../Users/nle93/Documents/Unreal Projects/Project_BOTS/Content/FirstPersonBP/Audio/shg_02.uasset" 679
"../../../../../../Users/nle93/Documents/Unreal Projects/Project_BOTS/Content/FirstPersonBP/Blueprints/Guns/MySoundAttenuation.uasset" 680
"../../../../../../Users/nle93/Documents/Unreal Projects/Project_BOTS/Content/FirstPersonBP/Blueprints/Simple_AI/Enemy_Turret.uasset" 681
"../../../Engine/Content/EngineSky/C_Sky_Cloud_Color.uasset" 682
"../../../Engine/Content/EngineSky/C_Sky_Horizon_Color.uasset" 683
"../../../Engine/Content/EngineSky/C_Sky_Zenith_Color.uasset" 684
"../../../Engine/Content/EngineSky/T_Sky_Blue.uasset" 685
"../../../Engine/Content/EngineSky/T_Sky_Clouds_M.uasset" 686
"../../../Engine/Content/EngineSky/T_Sky_Stars.uasset" 687
"../../../Engine/Content/EngineSky/M_Sky_Panning_Clouds2.uasset" 688
"../../../Engine/Content/EngineSky/SM_SkySphere.uasset" 689
"../../../Engine/Content/EngineSky/BP_Sky_Sphere.uasset" 690
"../../../../../../Users/nle93/Documents/Unreal Projects/Project_BOTS/Content/EveryOtherContent/SuperGrid/StarterPack/Materials/Functions/Basic/BreakSet.uasset" 691
"../../../../../../Users/nle93/Documents/Unreal Projects/Project_BOTS/Content/EveryOtherContent/SuperGrid/StarterPack/Materials/Functions/Basic/MakeSet.uasset" 692
"../../../../../../Users/nle93/Documents/Unreal Projects/Project_BOTS/Content/EveryOtherContent/SuperGrid/StarterPack/Materials/Functions/Basic/Roughness.uasset" 693
"../../../../../../Users/nle93/Documents/Unreal Projects/Project_BOTS/Content/EveryOtherContent/SuperGrid/StarterPack/Materials/Functions/Texture/Dye_SingleColor.uasset" 694
"../../../../../../Users/nle93/Documents/Unreal Projects/Project_BOTS/Content/EveryOtherContent/SuperGrid/StarterPack/Source/Textures/T_BasicGrid_M.uasset" 695
"../../../../../../Users/nle93/Documents/Unreal Projects/Project_BOTS/Content/EveryOtherContent/SuperGrid/StarterPack/Materials/Functions/Texture/Tex_SimpleGrid.uasset" 696
"../../../../../../Users/nle93/Documents/Unreal Projects/Project_BOTS/Content/EveryOtherContent/SuperGrid/StarterPack/Materials/Functions/UV/UV_SetupGrid.uasset" 697
"../../../../../../Users/nle93/Documents/Unreal Projects/Project_BOTS/Content/EveryOtherContent/SuperGrid/StarterPack/Source/Textures/T_BasicGrid_N.uasset" 698
"../../../../../../Users/nle93/Documents/Unreal Projects/Project_BOTS/Content/EveryOtherContent/SuperGrid/StarterPack/Materials/Base/M_SuperGrid_SingleColor.uasset" 699
"../../../../../../Users/nle93/Documents/Unreal Projects/Project_BOTS/Content/EveryOtherContent/SuperGrid/StarterPack/Materials/Palette/Grids/M_SuperGrid_Default.uasset" 700
"../../../../../../Users/nle93/Documents/Unreal Projects/Project_BOTS/Content/EveryOtherContent/SuperGrid/StarterPack/Source/Meshes/SuperGrid_BoxCentered.uasset" 701
"../../../../../../Users/nle93/Documents/Unreal Projects/Project_BOTS/Content/FirstPersonBP/Blueprints/Floor.uasset" 702
"../../../../../../Users/nle93/Documents/Unreal Projects/Project_BOTS/Content/EveryOtherContent/FirstPerson/Textures/FirstPersonCrosshair.uasset" 703
"../../../../../../Users/nle93/Documents/Unreal Projects/Project_BOTS/Content/FirstPersonBP/HUD/My_HUD_FPS.uasset" 704
"../../../../../../Users/nle93/Documents/Unreal Projects/Project_BOTS/Content/FirstPersonBP/Blueprints/FPS_Gamemode.uasset" 705
"../../../../../../Users/nle93/Documents/Unreal Projects/Project_BOTS/Content/EveryOtherContent/FPS_Weapon_Bundle/Weapons/Textures/Ammunition/T_9mm_ALB.uasset" 706
"../../../../../../Users/nle93/Documents/Unreal Projects/Project_BOTS/Content/EveryOtherContent/FPS_Weapon_Bundle/Weapons/Textures/Ammunition/T_9mm_M_MSK.uasset" 707
"../../../../../../Users/nle93/Documents/Unreal Projects/Project_BOTS/Content/EveryOtherContent/FPS_Weapon_Bundle/Weapons/Textures/Ammunition/T_9mm_NRM.uasset" 708
"../../../../../../Users/nle93/Documents/Unreal Projects/Project_BOTS/Content/EveryOtherContent/FPS_Weapon_Bundle/Weapons/Materials/Ammunition/M_9mm.uasset" 709
"../../../../../../Users/nle93/Documents/Unreal Projects/Project_BOTS/Content/EveryOtherContent/FPS_Weapon_Bundle/Weapons/Meshes/SMG11/SK_SMG11_X_Physics.uasset" 710
"../../../../../../Users/nle93/Documents/Unreal Projects/Project_BOTS/Content/EveryOtherContent/FPS_Weapon_Bundle/Weapons/Meshes/SMG11/SK_SMG11_X_Skeleton.uasset" 711
"../../../../../../Users/nle93/Documents/Unreal Projects/Project_BOTS/Content/EveryOtherContent/FPS_Weapon_Bundle/Weapons/Meshes/SMG11/SK_SMG11_X.uasset" 712
"../../../../../../Users/nle93/Documents/Unreal Projects/Project_BOTS/Content/FirstPersonBP/Blueprints/Objects/Item_Child_MG.uasset" 713
"../../../../../../Users/nle93/Documents/Unreal Projects/Project_BOTS/Content/FirstPersonBP/Maps/Level1_BuiltData.uasset" 714
"../../../Engine/Content/EngineMaterials/AntiAliasedTextMaterialTranslucent.uasset" 715
"../../../../../../Users/nle93/Documents/Unreal Projects/Project_BOTS/Content/EveryOtherContent/FPS_Weapon_Bundle/Weapons/Materials/RDS/M_RDS_Glass.uasset" 716
"../../../../../../Users/nle93/Documents/Unreal Projects/Project_BOTS/Content/EveryOtherContent/StarterContent/Textures/T_Ceramic_Tile_M.uasset" 717
"../../../../../../Users/nle93/Documents/Unreal Projects/Project_BOTS/Content/EveryOtherContent/StarterContent/Textures/T_Ceramic_Tile_N.uasset" 718
"../../../../../../Users/nle93/Documents/Unreal Projects/Project_BOTS/Content/EveryOtherContent/StarterContent/Textures/T_Perlin_Noise_M.uasset" 719
"../../../../../../Users/nle93/Documents/Unreal Projects/Project_BOTS/Content/EveryOtherContent/StarterContent/Textures/T_Rock_Marble_Polished_D.uasset" 720
"../../../../../../Users/nle93/Documents/Unreal Projects/Project_BOTS/Content/EveryOtherContent/StarterContent/Materials/M_Ceramic_Tile_Checker.uasset" 721
"../../../../../../Users/nle93/Documents/Unreal Projects/Project_BOTS/Content/EveryOtherContent/SuperGrid/StarterPack/Source/Textures/T_ModernGrid_M.uasset" 722
"../../../../../../Users/nle93/Documents/Unreal Projects/Project_BOTS/Content/EveryOtherContent/SuperGrid/StarterPack/Source/Textures/T_ModernGrid_N.uasset" 723
"../../../../../../Users/nle93/Documents/Unreal Projects/Project_BOTS/Content/EveryOtherContent/SuperGrid/StarterPack/Materials/Base/M_SuperGrid_Modern.uasset" 724
"../../../../../../Users/nle93/Documents/Unreal Projects/Project_BOTS/Content/EveryOtherContent/SuperGrid/StarterPack/Materials/Functions/Basic/Layout_LocalSides.uasset" 725
"../../../../../../Users/nle93/Documents/Unreal Projects/Project_BOTS/Content/EveryOtherContent/SuperGrid/StarterPack/Materials/Functions/Basic/Layout_WorldSides.uasset" 726
"../../../../../../Users/nle93/Documents/Unreal Projects/Project_BOTS/Content/EveryOtherContent/SuperGrid/StarterPack/Materials/Base/M_SuperGrid_Orientation.uasset" 727
"../../../../../../Users/nle93/Documents/Unreal Projects/Project_BOTS/Content/EveryOtherContent/SuperGrid/StarterPack/Materials/Palette/Advanced/M_SuperGrid_Auto.uasset" 728
"../../../Engine/Content/Functions/Engine_MaterialFunctions02/Utility/LinearSine.uasset" 729
"../../../../../../Users/nle93/Documents/Unreal Projects/Project_BOTS/Content/EveryOtherContent/SuperGrid/StarterPack/Materials/Functions/Texture/Dye_MultiColor.uasset" 730
"../../../../../../Users/nle93/Documents/Unreal Projects/Project_BOTS/Content/EveryOtherContent/SuperGrid/StarterPack/Source/Textures/T_DotGrid_M.uasset" 731
"../../../../../../Users/nle93/Documents/Unreal Projects/Project_BOTS/Content/EveryOtherContent/SuperGrid/StarterPack/Source/Textures/T_DotGrid_N.uasset" 732
"../../../../../../Users/nle93/Documents/Unreal Projects/Project_BOTS/Content/EveryOtherContent/SuperGrid/StarterPack/Materials/Base/M_SuperGrid_Glowing_MultiColor.uasset" 733
"../../../../../../Users/nle93/Documents/Unreal Projects/Project_BOTS/Content/EveryOtherContent/SuperGrid/StarterPack/Materials/Palette/Basic/M_SuperGrid_MetalDark3.uasset" 734
"../../../../../../Users/nle93/Documents/Unreal Projects/Project_BOTS/Content/EveryOtherContent/SuperGrid/StarterPack/Materials/Palette/Grids/M_SuperGrid_BlackSheet.uasset" 735
"../../../../../../Users/nle93/Documents/Unreal Projects/Project_BOTS/Content/EveryOtherContent/SuperGrid/StarterPack/Materials/Base/M_SuperGrid_MultiColor.uasset" 736
"../../../../../../Users/nle93/Documents/Unreal Projects/Project_BOTS/Content/EveryOtherContent/SuperGrid/StarterPack/Materials/Palette/Grids/M_SuperGrid_DangerZone.uasset" 737
"../../../../../../Users/nle93/Documents/Unreal Projects/Project_BOTS/Content/FirstPersonBP/Maps/Level1.umap" 738
